{"C:\\Users\\Usuario\\Downloads\\Biblioteca Academica refatoração - 1\\biblioteca_academica-main\\backend\\src\\config\\database.js": {"path":"C:\\Users\\Usuario\\Downloads\\Biblioteca Academica refatoração - 1\\biblioteca_academica-main\\backend\\src\\config\\database.js","statementMap":{"0":{"start":{"line":4,"column":0},"end":{"line":4,"column":27}},"1":{"start":{"line":7,"column":17},"end":{"line":7,"column":30}},"2":{"start":{"line":12,"column":13},"end":{"line":18,"column":2}},"3":{"start":{"line":21,"column":0},"end":{"line":21,"column":22}}},"fnMap":{},"branchMap":{},"s":{"0":6,"1":6,"2":6,"3":6},"f":{},"b":{},"_coverageSchema":"1a1c01bbd47fc00a2c39e90264f33305004495a9","hash":"00f43333eede640f752ae4321b6613666d12f5c7"}
,"C:\\Users\\Usuario\\Downloads\\Biblioteca Academica refatoração - 1\\biblioteca_academica-main\\backend\\src\\controllers\\authController.js": {"path":"C:\\Users\\Usuario\\Downloads\\Biblioteca Academica refatoração - 1\\biblioteca_academica-main\\backend\\src\\controllers\\authController.js","statementMap":{"0":{"start":{"line":3,"column":13},"end":{"line":3,"column":42}},"1":{"start":{"line":4,"column":15},"end":{"line":4,"column":34}},"2":{"start":{"line":5,"column":12},"end":{"line":5,"column":35}},"3":{"start":{"line":8,"column":14},"end":{"line":76,"column":1}},"4":{"start":{"line":9,"column":27},"end":{"line":9,"column":35}},"5":{"start":{"line":11,"column":2},"end":{"line":13,"column":3}},"6":{"start":{"line":12,"column":4},"end":{"line":12,"column":81}},"7":{"start":{"line":15,"column":2},"end":{"line":75,"column":3}},"8":{"start":{"line":16,"column":31},"end":{"line":16,"column":98}},"9":{"start":{"line":18,"column":4},"end":{"line":20,"column":5}},"10":{"start":{"line":19,"column":6},"end":{"line":19,"column":75}},"11":{"start":{"line":22,"column":20},"end":{"line":22,"column":31}},"12":{"start":{"line":25,"column":4},"end":{"line":29,"column":5}},"13":{"start":{"line":26,"column":6},"end":{"line":28,"column":9}},"14":{"start":{"line":31,"column":25},"end":{"line":31,"column":72}},"15":{"start":{"line":33,"column":4},"end":{"line":35,"column":5}},"16":{"start":{"line":34,"column":6},"end":{"line":34,"column":77}},"17":{"start":{"line":38,"column":22},"end":{"line":38,"column":73}},"18":{"start":{"line":39,"column":27},"end":{"line":43,"column":5}},"19":{"start":{"line":44,"column":28},"end":{"line":50,"column":6}},"20":{"start":{"line":51,"column":24},"end":{"line":51,"column":50}},"21":{"start":{"line":54,"column":20},"end":{"line":60,"column":5}},"22":{"start":{"line":62,"column":18},"end":{"line":62,"column":80}},"23":{"start":{"line":64,"column":47},"end":{"line":64,"column":54}},"24":{"start":{"line":66,"column":4},"end":{"line":70,"column":7}},"25":{"start":{"line":73,"column":4},"end":{"line":73,"column":43}},"26":{"start":{"line":74,"column":4},"end":{"line":74,"column":75}},"27":{"start":{"line":80,"column":19},"end":{"line":138,"column":1}},"28":{"start":{"line":81,"column":26},"end":{"line":81,"column":34}},"29":{"start":{"line":83,"column":2},"end":{"line":85,"column":3}},"30":{"start":{"line":84,"column":4},"end":{"line":84,"column":78}},"31":{"start":{"line":87,"column":29},"end":{"line":87,"column":80}},"32":{"start":{"line":89,"column":2},"end":{"line":137,"column":3}},"33":{"start":{"line":90,"column":18},"end":{"line":90,"column":77}},"34":{"start":{"line":91,"column":21},"end":{"line":91,"column":70}},"35":{"start":{"line":93,"column":4},"end":{"line":95,"column":5}},"36":{"start":{"line":94,"column":6},"end":{"line":94,"column":104}},"37":{"start":{"line":97,"column":30},"end":{"line":97,"column":37}},"38":{"start":{"line":100,"column":22},"end":{"line":100,"column":73}},"39":{"start":{"line":101,"column":27},"end":{"line":105,"column":5}},"40":{"start":{"line":106,"column":28},"end":{"line":112,"column":6}},"41":{"start":{"line":113,"column":24},"end":{"line":113,"column":50}},"42":{"start":{"line":116,"column":20},"end":{"line":122,"column":5}},"43":{"start":{"line":124,"column":18},"end":{"line":124,"column":80}},"44":{"start":{"line":126,"column":47},"end":{"line":126,"column":64}},"45":{"start":{"line":128,"column":4},"end":{"line":132,"column":7}},"46":{"start":{"line":135,"column":4},"end":{"line":135,"column":50}},"47":{"start":{"line":136,"column":4},"end":{"line":136,"column":74}},"48":{"start":{"line":142,"column":33},"end":{"line":175,"column":1}},"49":{"start":{"line":143,"column":40},"end":{"line":143,"column":48}},"50":{"start":{"line":145,"column":2},"end":{"line":147,"column":3}},"51":{"start":{"line":146,"column":4},"end":{"line":146,"column":89}},"52":{"start":{"line":149,"column":2},"end":{"line":174,"column":3}},"53":{"start":{"line":151,"column":31},"end":{"line":154,"column":5}},"54":{"start":{"line":156,"column":4},"end":{"line":160,"column":5}},"55":{"start":{"line":157,"column":6},"end":{"line":159,"column":9}},"56":{"start":{"line":162,"column":20},"end":{"line":162,"column":31}},"57":{"start":{"line":164,"column":4},"end":{"line":169,"column":7}},"58":{"start":{"line":172,"column":4},"end":{"line":172,"column":63}},"59":{"start":{"line":173,"column":4},"end":{"line":173,"column":75}},"60":{"start":{"line":178,"column":21},"end":{"line":223,"column":1}},"61":{"start":{"line":179,"column":52},"end":{"line":179,"column":60}},"62":{"start":{"line":181,"column":2},"end":{"line":183,"column":3}},"63":{"start":{"line":182,"column":4},"end":{"line":182,"column":101}},"64":{"start":{"line":186,"column":2},"end":{"line":188,"column":3}},"65":{"start":{"line":187,"column":4},"end":{"line":187,"column":90}},"66":{"start":{"line":190,"column":2},"end":{"line":222,"column":3}},"67":{"start":{"line":192,"column":31},"end":{"line":195,"column":5}},"68":{"start":{"line":197,"column":4},"end":{"line":201,"column":5}},"69":{"start":{"line":198,"column":6},"end":{"line":200,"column":9}},"70":{"start":{"line":203,"column":20},"end":{"line":203,"column":31}},"71":{"start":{"line":206,"column":23},"end":{"line":206,"column":25}},"72":{"start":{"line":207,"column":26},"end":{"line":207,"column":67}},"73":{"start":{"line":210,"column":4},"end":{"line":213,"column":6}},"74":{"start":{"line":215,"column":4},"end":{"line":217,"column":7}},"75":{"start":{"line":220,"column":4},"end":{"line":220,"column":51}},"76":{"start":{"line":221,"column":4},"end":{"line":221,"column":75}},"77":{"start":{"line":225,"column":0},"end":{"line":230,"column":2}}},"fnMap":{"0":{"name":"(anonymous_0)","decl":{"start":{"line":8,"column":14},"end":{"line":8,"column":15}},"loc":{"start":{"line":8,"column":34},"end":{"line":76,"column":1}},"line":8},"1":{"name":"(anonymous_1)","decl":{"start":{"line":80,"column":19},"end":{"line":80,"column":20}},"loc":{"start":{"line":80,"column":39},"end":{"line":138,"column":1}},"line":80},"2":{"name":"(anonymous_2)","decl":{"start":{"line":142,"column":33},"end":{"line":142,"column":34}},"loc":{"start":{"line":142,"column":53},"end":{"line":175,"column":1}},"line":142},"3":{"name":"(anonymous_3)","decl":{"start":{"line":178,"column":21},"end":{"line":178,"column":22}},"loc":{"start":{"line":178,"column":41},"end":{"line":223,"column":1}},"line":178}},"branchMap":{"0":{"loc":{"start":{"line":11,"column":2},"end":{"line":13,"column":3}},"type":"if","locations":[{"start":{"line":11,"column":2},"end":{"line":13,"column":3}},{"start":{},"end":{}}],"line":11},"1":{"loc":{"start":{"line":11,"column":6},"end":{"line":11,"column":22}},"type":"binary-expr","locations":[{"start":{"line":11,"column":6},"end":{"line":11,"column":12}},{"start":{"line":11,"column":16},"end":{"line":11,"column":22}}],"line":11},"2":{"loc":{"start":{"line":18,"column":4},"end":{"line":20,"column":5}},"type":"if","locations":[{"start":{"line":18,"column":4},"end":{"line":20,"column":5}},{"start":{},"end":{}}],"line":18},"3":{"loc":{"start":{"line":25,"column":4},"end":{"line":29,"column":5}},"type":"if","locations":[{"start":{"line":25,"column":4},"end":{"line":29,"column":5}},{"start":{},"end":{}}],"line":25},"4":{"loc":{"start":{"line":33,"column":4},"end":{"line":35,"column":5}},"type":"if","locations":[{"start":{"line":33,"column":4},"end":{"line":35,"column":5}},{"start":{},"end":{}}],"line":33},"5":{"loc":{"start":{"line":38,"column":22},"end":{"line":38,"column":73}},"type":"binary-expr","locations":[{"start":{"line":38,"column":22},"end":{"line":38,"column":28}},{"start":{"line":38,"column":32},"end":{"line":38,"column":60}},{"start":{"line":38,"column":64},"end":{"line":38,"column":73}}],"line":38},"6":{"loc":{"start":{"line":83,"column":2},"end":{"line":85,"column":3}},"type":"if","locations":[{"start":{"line":83,"column":2},"end":{"line":85,"column":3}},{"start":{},"end":{}}],"line":83},"7":{"loc":{"start":{"line":83,"column":6},"end":{"line":83,"column":21}},"type":"binary-expr","locations":[{"start":{"line":83,"column":6},"end":{"line":83,"column":9}},{"start":{"line":83,"column":13},"end":{"line":83,"column":21}}],"line":83},"8":{"loc":{"start":{"line":87,"column":29},"end":{"line":87,"column":80}},"type":"cond-expr","locations":[{"start":{"line":87,"column":55},"end":{"line":87,"column":70}},{"start":{"line":87,"column":73},"end":{"line":87,"column":80}}],"line":87},"9":{"loc":{"start":{"line":93,"column":4},"end":{"line":95,"column":5}},"type":"if","locations":[{"start":{"line":93,"column":4},"end":{"line":95,"column":5}},{"start":{},"end":{}}],"line":93},"10":{"loc":{"start":{"line":100,"column":22},"end":{"line":100,"column":73}},"type":"binary-expr","locations":[{"start":{"line":100,"column":22},"end":{"line":100,"column":28}},{"start":{"line":100,"column":32},"end":{"line":100,"column":60}},{"start":{"line":100,"column":64},"end":{"line":100,"column":73}}],"line":100},"11":{"loc":{"start":{"line":145,"column":2},"end":{"line":147,"column":3}},"type":"if","locations":[{"start":{"line":145,"column":2},"end":{"line":147,"column":3}},{"start":{},"end":{}}],"line":145},"12":{"loc":{"start":{"line":145,"column":6},"end":{"line":145,"column":35}},"type":"binary-expr","locations":[{"start":{"line":145,"column":6},"end":{"line":145,"column":12}},{"start":{"line":145,"column":16},"end":{"line":145,"column":35}}],"line":145},"13":{"loc":{"start":{"line":156,"column":4},"end":{"line":160,"column":5}},"type":"if","locations":[{"start":{"line":156,"column":4},"end":{"line":160,"column":5}},{"start":{},"end":{}}],"line":156},"14":{"loc":{"start":{"line":181,"column":2},"end":{"line":183,"column":3}},"type":"if","locations":[{"start":{"line":181,"column":2},"end":{"line":183,"column":3}},{"start":{},"end":{}}],"line":181},"15":{"loc":{"start":{"line":181,"column":6},"end":{"line":181,"column":50}},"type":"binary-expr","locations":[{"start":{"line":181,"column":6},"end":{"line":181,"column":12}},{"start":{"line":181,"column":16},"end":{"line":181,"column":35}},{"start":{"line":181,"column":39},"end":{"line":181,"column":50}}],"line":181},"16":{"loc":{"start":{"line":186,"column":2},"end":{"line":188,"column":3}},"type":"if","locations":[{"start":{"line":186,"column":2},"end":{"line":188,"column":3}},{"start":{},"end":{}}],"line":186},"17":{"loc":{"start":{"line":197,"column":4},"end":{"line":201,"column":5}},"type":"if","locations":[{"start":{"line":197,"column":4},"end":{"line":201,"column":5}},{"start":{},"end":{}}],"line":197}},"s":{"0":1,"1":1,"2":1,"3":1,"4":4,"5":4,"6":1,"7":3,"8":3,"9":3,"10":1,"11":2,"12":2,"13":1,"14":1,"15":1,"16":1,"17":0,"18":0,"19":0,"20":0,"21":0,"22":0,"23":0,"24":0,"25":0,"26":0,"27":1,"28":2,"29":2,"30":1,"31":1,"32":1,"33":1,"34":1,"35":1,"36":1,"37":0,"38":0,"39":0,"40":0,"41":0,"42":0,"43":0,"44":0,"45":0,"46":0,"47":0,"48":1,"49":3,"50":3,"51":1,"52":2,"53":2,"54":2,"55":1,"56":1,"57":1,"58":0,"59":0,"60":1,"61":3,"62":3,"63":1,"64":2,"65":1,"66":1,"67":1,"68":1,"69":1,"70":0,"71":0,"72":0,"73":0,"74":0,"75":0,"76":0,"77":1},"f":{"0":4,"1":2,"2":3,"3":3},"b":{"0":[1,3],"1":[4,4],"2":[1,2],"3":[1,1],"4":[1,0],"5":[0,0,0],"6":[1,1],"7":[2,2],"8":[0,1],"9":[1,0],"10":[0,0,0],"11":[1,2],"12":[3,3],"13":[1,1],"14":[1,2],"15":[3,3,2],"16":[1,1],"17":[1,0]},"_coverageSchema":"1a1c01bbd47fc00a2c39e90264f33305004495a9","hash":"3b0fb0a2823baf623b4b8ff602697502914f3ad0"}
,"C:\\Users\\Usuario\\Downloads\\Biblioteca Academica refatoração - 1\\biblioteca_academica-main\\backend\\src\\controllers\\bookController.js": {"path":"C:\\Users\\Usuario\\Downloads\\Biblioteca Academica refatoração - 1\\biblioteca_academica-main\\backend\\src\\controllers\\bookController.js","statementMap":{"0":{"start":{"line":3,"column":13},"end":{"line":3,"column":42}},"1":{"start":{"line":4,"column":26},"end":{"line":4,"column":65}},"2":{"start":{"line":5,"column":18},"end":{"line":5,"column":39}},"3":{"start":{"line":6,"column":21},"end":{"line":6,"column":38}},"4":{"start":{"line":12,"column":22},"end":{"line":12,"column":93}},"5":{"start":{"line":13,"column":4},"end":{"line":22,"column":5}},"6":{"start":{"line":14,"column":32},"end":{"line":17,"column":9}},"7":{"start":{"line":18,"column":28},"end":{"line":18,"column":54}},"8":{"start":{"line":21,"column":8},"end":{"line":21,"column":27}},"9":{"start":{"line":23,"column":4},"end":{"line":23,"column":34}},"10":{"start":{"line":27,"column":26},"end":{"line":27,"column":105}},"11":{"start":{"line":28,"column":4},"end":{"line":37,"column":5}},"12":{"start":{"line":29,"column":36},"end":{"line":32,"column":9}},"13":{"start":{"line":33,"column":32},"end":{"line":33,"column":62}},"14":{"start":{"line":36,"column":8},"end":{"line":36,"column":31}},"15":{"start":{"line":38,"column":4},"end":{"line":38,"column":38}},"16":{"start":{"line":43,"column":20},"end":{"line":228,"column":1}},"17":{"start":{"line":44,"column":52},"end":{"line":44,"column":61}},"18":{"start":{"line":46,"column":2},"end":{"line":46,"column":128}},"19":{"start":{"line":48,"column":2},"end":{"line":227,"column":3}},"20":{"start":{"line":49,"column":22},"end":{"line":49,"column":24}},"21":{"start":{"line":50,"column":26},"end":{"line":50,"column":28}},"22":{"start":{"line":51,"column":21},"end":{"line":51,"column":22}},"23":{"start":{"line":54,"column":4},"end":{"line":58,"column":5}},"24":{"start":{"line":55,"column":6},"end":{"line":55,"column":93}},"25":{"start":{"line":56,"column":6},"end":{"line":56,"column":38}},"26":{"start":{"line":57,"column":6},"end":{"line":57,"column":19}},"27":{"start":{"line":61,"column":4},"end":{"line":68,"column":5}},"28":{"start":{"line":62,"column":6},"end":{"line":65,"column":10}},"29":{"start":{"line":66,"column":6},"end":{"line":66,"column":34}},"30":{"start":{"line":67,"column":6},"end":{"line":67,"column":19}},"31":{"start":{"line":71,"column":4},"end":{"line":79,"column":5}},"32":{"start":{"line":72,"column":6},"end":{"line":76,"column":10}},"33":{"start":{"line":77,"column":6},"end":{"line":77,"column":37}},"34":{"start":{"line":78,"column":6},"end":{"line":78,"column":19}},"35":{"start":{"line":81,"column":24},"end":{"line":83,"column":10}},"36":{"start":{"line":86,"column":26},"end":{"line":86,"column":44}},"37":{"start":{"line":88,"column":4},"end":{"line":88,"column":130}},"38":{"start":{"line":90,"column":4},"end":{"line":140,"column":5}},"39":{"start":{"line":92,"column":25},"end":{"line":92,"column":40}},"40":{"start":{"line":93,"column":20},"end":{"line":135,"column":7}},"41":{"start":{"line":137,"column":6},"end":{"line":137,"column":35}},"42":{"start":{"line":138,"column":23},"end":{"line":138,"column":59}},"43":{"start":{"line":139,"column":6},"end":{"line":139,"column":40}},"44":{"start":{"line":143,"column":25},"end":{"line":143,"column":53}},"45":{"start":{"line":144,"column":24},"end":{"line":144,"column":43}},"46":{"start":{"line":145,"column":19},"end":{"line":145,"column":51}},"47":{"start":{"line":147,"column":4},"end":{"line":147,"column":122}},"48":{"start":{"line":150,"column":23},"end":{"line":158,"column":5}},"49":{"start":{"line":160,"column":24},"end":{"line":160,"column":65}},"50":{"start":{"line":161,"column":23},"end":{"line":161,"column":58}},"51":{"start":{"line":162,"column":23},"end":{"line":162,"column":59}},"52":{"start":{"line":165,"column":18},"end":{"line":207,"column":5}},"53":{"start":{"line":209,"column":4},"end":{"line":209,"column":43}},"54":{"start":{"line":210,"column":21},"end":{"line":210,"column":57}},"55":{"start":{"line":213,"column":4},"end":{"line":223,"column":7}},"56":{"start":{"line":225,"column":4},"end":{"line":225,"column":51}},"57":{"start":{"line":226,"column":4},"end":{"line":226,"column":68}},"58":{"start":{"line":233,"column":26},"end":{"line":252,"column":1}},"59":{"start":{"line":234,"column":4},"end":{"line":251,"column":5}},"60":{"start":{"line":235,"column":22},"end":{"line":245,"column":9}},"61":{"start":{"line":246,"column":25},"end":{"line":246,"column":48}},"62":{"start":{"line":247,"column":8},"end":{"line":247,"column":35}},"63":{"start":{"line":249,"column":8},"end":{"line":249,"column":67}},"64":{"start":{"line":250,"column":8},"end":{"line":250,"column":72}},"65":{"start":{"line":254,"column":27},"end":{"line":275,"column":1}},"66":{"start":{"line":255,"column":28},"end":{"line":255,"column":38}},"67":{"start":{"line":256,"column":4},"end":{"line":274,"column":5}},"68":{"start":{"line":257,"column":22},"end":{"line":268,"column":9}},"69":{"start":{"line":269,"column":25},"end":{"line":269,"column":63}},"70":{"start":{"line":270,"column":8},"end":{"line":270,"column":35}},"71":{"start":{"line":272,"column":8},"end":{"line":272,"column":69}},"72":{"start":{"line":273,"column":8},"end":{"line":273,"column":72}},"73":{"start":{"line":277,"column":25},"end":{"line":298,"column":1}},"74":{"start":{"line":278,"column":24},"end":{"line":278,"column":34}},"75":{"start":{"line":279,"column":4},"end":{"line":297,"column":5}},"76":{"start":{"line":280,"column":22},"end":{"line":291,"column":9}},"77":{"start":{"line":292,"column":25},"end":{"line":292,"column":59}},"78":{"start":{"line":293,"column":8},"end":{"line":293,"column":35}},"79":{"start":{"line":295,"column":8},"end":{"line":295,"column":65}},"80":{"start":{"line":296,"column":8},"end":{"line":296,"column":72}},"81":{"start":{"line":301,"column":20},"end":{"line":328,"column":1}},"82":{"start":{"line":302,"column":18},"end":{"line":302,"column":49}},"83":{"start":{"line":303,"column":4},"end":{"line":327,"column":5}},"84":{"start":{"line":304,"column":22},"end":{"line":315,"column":9}},"85":{"start":{"line":316,"column":25},"end":{"line":316,"column":57}},"86":{"start":{"line":318,"column":33},"end":{"line":322,"column":11}},"87":{"start":{"line":318,"column":52},"end":{"line":322,"column":9}},"88":{"start":{"line":323,"column":8},"end":{"line":323,"column":47}},"89":{"start":{"line":325,"column":8},"end":{"line":325,"column":61}},"90":{"start":{"line":326,"column":8},"end":{"line":326,"column":72}},"91":{"start":{"line":331,"column":28},"end":{"line":367,"column":1}},"92":{"start":{"line":332,"column":18},"end":{"line":332,"column":49}},"93":{"start":{"line":333,"column":4},"end":{"line":366,"column":5}},"94":{"start":{"line":334,"column":22},"end":{"line":351,"column":9}},"95":{"start":{"line":352,"column":25},"end":{"line":352,"column":57}},"96":{"start":{"line":354,"column":33},"end":{"line":361,"column":11}},"97":{"start":{"line":354,"column":52},"end":{"line":361,"column":9}},"98":{"start":{"line":362,"column":8},"end":{"line":362,"column":47}},"99":{"start":{"line":364,"column":8},"end":{"line":364,"column":67}},"100":{"start":{"line":365,"column":8},"end":{"line":365,"column":72}},"101":{"start":{"line":371,"column":19},"end":{"line":420,"column":1}},"102":{"start":{"line":372,"column":137},"end":{"line":372,"column":145}},"103":{"start":{"line":375,"column":2},"end":{"line":377,"column":3}},"104":{"start":{"line":376,"column":4},"end":{"line":376,"column":111}},"105":{"start":{"line":379,"column":17},"end":{"line":379,"column":37}},"106":{"start":{"line":380,"column":2},"end":{"line":419,"column":3}},"107":{"start":{"line":381,"column":4},"end":{"line":381,"column":32}},"108":{"start":{"line":384,"column":24},"end":{"line":387,"column":5}},"109":{"start":{"line":388,"column":24},"end":{"line":388,"column":46}},"110":{"start":{"line":391,"column":4},"end":{"line":394,"column":5}},"111":{"start":{"line":393,"column":6},"end":{"line":393,"column":113}},"112":{"start":{"line":397,"column":4},"end":{"line":400,"column":5}},"113":{"start":{"line":399,"column":6},"end":{"line":399,"column":125}},"114":{"start":{"line":402,"column":4},"end":{"line":402,"column":33}},"115":{"start":{"line":405,"column":4},"end":{"line":405,"column":112}},"116":{"start":{"line":407,"column":4},"end":{"line":407,"column":94}},"117":{"start":{"line":410,"column":4},"end":{"line":410,"column":35}},"118":{"start":{"line":411,"column":4},"end":{"line":411,"column":53}},"119":{"start":{"line":413,"column":5},"end":{"line":415,"column":6}},"120":{"start":{"line":414,"column":9},"end":{"line":414,"column":114}},"121":{"start":{"line":416,"column":4},"end":{"line":416,"column":87}},"122":{"start":{"line":418,"column":4},"end":{"line":418,"column":21}},"123":{"start":{"line":424,"column":20},"end":{"line":449,"column":1}},"124":{"start":{"line":425,"column":17},"end":{"line":425,"column":27}},"125":{"start":{"line":426,"column":2},"end":{"line":448,"column":3}},"126":{"start":{"line":427,"column":18},"end":{"line":434,"column":5}},"127":{"start":{"line":435,"column":21},"end":{"line":435,"column":50}},"128":{"start":{"line":436,"column":4},"end":{"line":438,"column":5}},"129":{"start":{"line":437,"column":6},"end":{"line":437,"column":73}},"130":{"start":{"line":440,"column":18},"end":{"line":440,"column":25}},"131":{"start":{"line":441,"column":4},"end":{"line":441,"column":40}},"132":{"start":{"line":442,"column":4},"end":{"line":442,"column":46}},"133":{"start":{"line":444,"column":4},"end":{"line":444,"column":32}},"134":{"start":{"line":446,"column":4},"end":{"line":446,"column":57}},"135":{"start":{"line":447,"column":4},"end":{"line":447,"column":68}},"136":{"start":{"line":453,"column":19},"end":{"line":516,"column":1}},"137":{"start":{"line":454,"column":17},"end":{"line":454,"column":27}},"138":{"start":{"line":455,"column":137},"end":{"line":455,"column":145}},"139":{"start":{"line":457,"column":2},"end":{"line":459,"column":3}},"140":{"start":{"line":458,"column":4},"end":{"line":458,"column":111}},"141":{"start":{"line":461,"column":17},"end":{"line":461,"column":37}},"142":{"start":{"line":462,"column":2},"end":{"line":515,"column":3}},"143":{"start":{"line":463,"column":4},"end":{"line":463,"column":32}},"144":{"start":{"line":466,"column":22},"end":{"line":466,"column":88}},"145":{"start":{"line":467,"column":4},"end":{"line":471,"column":5}},"146":{"start":{"line":468,"column":9},"end":{"line":468,"column":40}},"147":{"start":{"line":469,"column":9},"end":{"line":469,"column":26}},"148":{"start":{"line":470,"column":9},"end":{"line":470,"column":93}},"149":{"start":{"line":472,"column":27},"end":{"line":472,"column":51}},"150":{"start":{"line":475,"column":4},"end":{"line":478,"column":6}},"151":{"start":{"line":481,"column":4},"end":{"line":481,"column":76}},"152":{"start":{"line":482,"column":4},"end":{"line":485,"column":5}},"153":{"start":{"line":484,"column":6},"end":{"line":484,"column":105}},"154":{"start":{"line":488,"column":4},"end":{"line":488,"column":80}},"155":{"start":{"line":489,"column":4},"end":{"line":492,"column":5}},"156":{"start":{"line":491,"column":6},"end":{"line":491,"column":117}},"157":{"start":{"line":494,"column":4},"end":{"line":494,"column":33}},"158":{"start":{"line":498,"column":23},"end":{"line":500,"column":51}},"159":{"start":{"line":501,"column":4},"end":{"line":501,"column":68}},"160":{"start":{"line":503,"column":4},"end":{"line":503,"column":72}},"161":{"start":{"line":506,"column":4},"end":{"line":506,"column":35}},"162":{"start":{"line":507,"column":4},"end":{"line":507,"column":53}},"163":{"start":{"line":509,"column":5},"end":{"line":511,"column":6}},"164":{"start":{"line":510,"column":9},"end":{"line":510,"column":114}},"165":{"start":{"line":512,"column":4},"end":{"line":512,"column":87}},"166":{"start":{"line":514,"column":4},"end":{"line":514,"column":21}},"167":{"start":{"line":520,"column":19},"end":{"line":557,"column":1}},"168":{"start":{"line":521,"column":19},"end":{"line":521,"column":29}},"169":{"start":{"line":522,"column":19},"end":{"line":522,"column":39}},"170":{"start":{"line":523,"column":4},"end":{"line":556,"column":5}},"171":{"start":{"line":524,"column":8},"end":{"line":524,"column":36}},"172":{"start":{"line":527,"column":27},"end":{"line":527,"column":93}},"173":{"start":{"line":528,"column":8},"end":{"line":532,"column":9}},"174":{"start":{"line":529,"column":13},"end":{"line":529,"column":44}},"175":{"start":{"line":530,"column":13},"end":{"line":530,"column":30}},"176":{"start":{"line":531,"column":13},"end":{"line":531,"column":94}},"177":{"start":{"line":533,"column":34},"end":{"line":533,"column":59}},"178":{"start":{"line":536,"column":8},"end":{"line":536,"column":80}},"179":{"start":{"line":537,"column":8},"end":{"line":537,"column":84}},"180":{"start":{"line":542,"column":25},"end":{"line":542,"column":84}},"181":{"start":{"line":544,"column":8},"end":{"line":544,"column":37}},"182":{"start":{"line":547,"column":8},"end":{"line":547,"column":114}},"183":{"start":{"line":549,"column":8},"end":{"line":549,"column":73}},"184":{"start":{"line":551,"column":8},"end":{"line":551,"column":39}},"185":{"start":{"line":552,"column":8},"end":{"line":552,"column":54}},"186":{"start":{"line":553,"column":8},"end":{"line":553,"column":88}},"187":{"start":{"line":555,"column":8},"end":{"line":555,"column":25}},"188":{"start":{"line":560,"column":26},"end":{"line":693,"column":1}},"189":{"start":{"line":561,"column":4},"end":{"line":563,"column":5}},"190":{"start":{"line":562,"column":8},"end":{"line":562,"column":80}},"191":{"start":{"line":564,"column":4},"end":{"line":567,"column":5}},"192":{"start":{"line":566,"column":9},"end":{"line":566,"column":91}},"193":{"start":{"line":569,"column":22},"end":{"line":569,"column":36}},"194":{"start":{"line":570,"column":20},"end":{"line":570,"column":22}},"195":{"start":{"line":571,"column":19},"end":{"line":571,"column":21}},"196":{"start":{"line":572,"column":25},"end":{"line":572,"column":26}},"197":{"start":{"line":573,"column":23},"end":{"line":573,"column":24}},"198":{"start":{"line":576,"column":19},"end":{"line":576,"column":67}},"199":{"start":{"line":578,"column":4},"end":{"line":692,"column":11}},"200":{"start":{"line":580,"column":40},"end":{"line":580,"column":67}},"201":{"start":{"line":581,"column":38},"end":{"line":581,"column":50}},"202":{"start":{"line":583,"column":30},"end":{"line":583,"column":48}},"203":{"start":{"line":585,"column":12},"end":{"line":587,"column":13}},"204":{"start":{"line":586,"column":16},"end":{"line":586,"column":102}},"205":{"start":{"line":590,"column":36},"end":{"line":590,"column":160}},"206":{"start":{"line":591,"column":34},"end":{"line":591,"column":57}},"207":{"start":{"line":592,"column":35},"end":{"line":592,"column":90}},"208":{"start":{"line":592,"column":63},"end":{"line":592,"column":89}},"209":{"start":{"line":594,"column":12},"end":{"line":596,"column":13}},"210":{"start":{"line":595,"column":17},"end":{"line":595,"column":118}},"211":{"start":{"line":598,"column":12},"end":{"line":677,"column":13}},"212":{"start":{"line":599,"column":16},"end":{"line":599,"column":33}},"213":{"start":{"line":600,"column":31},"end":{"line":600,"column":51}},"214":{"start":{"line":601,"column":16},"end":{"line":676,"column":17}},"215":{"start":{"line":602,"column":20},"end":{"line":602,"column":48}},"216":{"start":{"line":605,"column":39},"end":{"line":614,"column":21}},"217":{"start":{"line":615,"column":35},"end":{"line":615,"column":56}},"218":{"start":{"line":616,"column":41},"end":{"line":616,"column":43}},"219":{"start":{"line":617,"column":44},"end":{"line":617,"column":46}},"220":{"start":{"line":621,"column":20},"end":{"line":638,"column":21}},"221":{"start":{"line":622,"column":45},"end":{"line":622,"column":113}},"222":{"start":{"line":622,"column":80},"end":{"line":622,"column":91}},"223":{"start":{"line":622,"column":108},"end":{"line":622,"column":112}},"224":{"start":{"line":623,"column":24},"end":{"line":625,"column":25}},"225":{"start":{"line":624,"column":28},"end":{"line":624,"column":118}},"226":{"start":{"line":626,"column":24},"end":{"line":634,"column":25}},"227":{"start":{"line":627,"column":44},"end":{"line":627,"column":97}},"228":{"start":{"line":629,"column":28},"end":{"line":632,"column":30}},"229":{"start":{"line":633,"column":28},"end":{"line":633,"column":59}},"230":{"start":{"line":637,"column":25},"end":{"line":637,"column":83}},"231":{"start":{"line":642,"column":20},"end":{"line":659,"column":21}},"232":{"start":{"line":643,"column":48},"end":{"line":643,"column":119}},"233":{"start":{"line":643,"column":86},"end":{"line":643,"column":97}},"234":{"start":{"line":643,"column":114},"end":{"line":643,"column":118}},"235":{"start":{"line":644,"column":25},"end":{"line":646,"column":25}},"236":{"start":{"line":645,"column":28},"end":{"line":645,"column":121}},"237":{"start":{"line":647,"column":24},"end":{"line":655,"column":25}},"238":{"start":{"line":648,"column":48},"end":{"line":648,"column":109}},"239":{"start":{"line":650,"column":28},"end":{"line":653,"column":30}},"240":{"start":{"line":654,"column":29},"end":{"line":654,"column":67}},"241":{"start":{"line":658,"column":25},"end":{"line":658,"column":86}},"242":{"start":{"line":661,"column":20},"end":{"line":661,"column":49}},"243":{"start":{"line":662,"column":20},"end":{"line":662,"column":35}},"244":{"start":{"line":665,"column":20},"end":{"line":665,"column":216}},"245":{"start":{"line":669,"column":20},"end":{"line":669,"column":51}},"246":{"start":{"line":670,"column":20},"end":{"line":670,"column":117}},"247":{"start":{"line":671,"column":20},"end":{"line":671,"column":110}},"248":{"start":{"line":675,"column":20},"end":{"line":675,"column":37}},"249":{"start":{"line":680,"column":12},"end":{"line":680,"column":189}},"250":{"start":{"line":682,"column":12},"end":{"line":685,"column":15}},"251":{"start":{"line":688,"column":12},"end":{"line":688,"column":57}},"252":{"start":{"line":690,"column":13},"end":{"line":690,"column":133}},"253":{"start":{"line":691,"column":12},"end":{"line":691,"column":104}},"254":{"start":{"line":697,"column":0},"end":{"line":709,"column":2}}},"fnMap":{"0":{"name":"findOrCreateAutor","decl":{"start":{"line":11,"column":15},"end":{"line":11,"column":32}},"loc":{"start":{"line":11,"column":63},"end":{"line":24,"column":1}},"line":11},"1":{"name":"findOrCreateCategoria","decl":{"start":{"line":26,"column":15},"end":{"line":26,"column":36}},"loc":{"start":{"line":26,"column":71},"end":{"line":39,"column":1}},"line":26},"2":{"name":"(anonymous_2)","decl":{"start":{"line":43,"column":20},"end":{"line":43,"column":21}},"loc":{"start":{"line":43,"column":40},"end":{"line":228,"column":1}},"line":43},"3":{"name":"(anonymous_3)","decl":{"start":{"line":233,"column":26},"end":{"line":233,"column":27}},"loc":{"start":{"line":233,"column":46},"end":{"line":252,"column":1}},"line":233},"4":{"name":"(anonymous_4)","decl":{"start":{"line":254,"column":27},"end":{"line":254,"column":28}},"loc":{"start":{"line":254,"column":47},"end":{"line":275,"column":1}},"line":254},"5":{"name":"(anonymous_5)","decl":{"start":{"line":277,"column":25},"end":{"line":277,"column":26}},"loc":{"start":{"line":277,"column":45},"end":{"line":298,"column":1}},"line":277},"6":{"name":"(anonymous_6)","decl":{"start":{"line":301,"column":20},"end":{"line":301,"column":21}},"loc":{"start":{"line":301,"column":40},"end":{"line":328,"column":1}},"line":301},"7":{"name":"(anonymous_7)","decl":{"start":{"line":318,"column":42},"end":{"line":318,"column":43}},"loc":{"start":{"line":318,"column":52},"end":{"line":322,"column":9}},"line":318},"8":{"name":"(anonymous_8)","decl":{"start":{"line":331,"column":28},"end":{"line":331,"column":29}},"loc":{"start":{"line":331,"column":48},"end":{"line":367,"column":1}},"line":331},"9":{"name":"(anonymous_9)","decl":{"start":{"line":354,"column":42},"end":{"line":354,"column":43}},"loc":{"start":{"line":354,"column":52},"end":{"line":361,"column":9}},"line":354},"10":{"name":"(anonymous_10)","decl":{"start":{"line":371,"column":19},"end":{"line":371,"column":20}},"loc":{"start":{"line":371,"column":39},"end":{"line":420,"column":1}},"line":371},"11":{"name":"(anonymous_11)","decl":{"start":{"line":424,"column":20},"end":{"line":424,"column":21}},"loc":{"start":{"line":424,"column":40},"end":{"line":449,"column":1}},"line":424},"12":{"name":"(anonymous_12)","decl":{"start":{"line":453,"column":19},"end":{"line":453,"column":20}},"loc":{"start":{"line":453,"column":39},"end":{"line":516,"column":1}},"line":453},"13":{"name":"(anonymous_13)","decl":{"start":{"line":520,"column":19},"end":{"line":520,"column":20}},"loc":{"start":{"line":520,"column":39},"end":{"line":557,"column":1}},"line":520},"14":{"name":"(anonymous_14)","decl":{"start":{"line":560,"column":26},"end":{"line":560,"column":27}},"loc":{"start":{"line":560,"column":46},"end":{"line":693,"column":1}},"line":560},"15":{"name":"(anonymous_15)","decl":{"start":{"line":580,"column":24},"end":{"line":580,"column":25}},"loc":{"start":{"line":580,"column":40},"end":{"line":580,"column":67}},"line":580},"16":{"name":"(anonymous_16)","decl":{"start":{"line":581,"column":23},"end":{"line":581,"column":24}},"loc":{"start":{"line":581,"column":38},"end":{"line":581,"column":50}},"line":581},"17":{"name":"(anonymous_17)","decl":{"start":{"line":583,"column":20},"end":{"line":583,"column":21}},"loc":{"start":{"line":583,"column":30},"end":{"line":583,"column":48}},"line":583},"18":{"name":"(anonymous_18)","decl":{"start":{"line":584,"column":19},"end":{"line":584,"column":20}},"loc":{"start":{"line":584,"column":31},"end":{"line":686,"column":9}},"line":584},"19":{"name":"(anonymous_19)","decl":{"start":{"line":592,"column":58},"end":{"line":592,"column":59}},"loc":{"start":{"line":592,"column":63},"end":{"line":592,"column":89}},"line":592},"20":{"name":"(anonymous_20)","decl":{"start":{"line":622,"column":72},"end":{"line":622,"column":73}},"loc":{"start":{"line":622,"column":80},"end":{"line":622,"column":91}},"line":622},"21":{"name":"(anonymous_21)","decl":{"start":{"line":622,"column":100},"end":{"line":622,"column":101}},"loc":{"start":{"line":622,"column":108},"end":{"line":622,"column":112}},"line":622},"22":{"name":"(anonymous_22)","decl":{"start":{"line":643,"column":78},"end":{"line":643,"column":79}},"loc":{"start":{"line":643,"column":86},"end":{"line":643,"column":97}},"line":643},"23":{"name":"(anonymous_23)","decl":{"start":{"line":643,"column":106},"end":{"line":643,"column":107}},"loc":{"start":{"line":643,"column":114},"end":{"line":643,"column":118}},"line":643},"24":{"name":"(anonymous_24)","decl":{"start":{"line":687,"column":21},"end":{"line":687,"column":22}},"loc":{"start":{"line":687,"column":32},"end":{"line":692,"column":9}},"line":687}},"branchMap":{"0":{"loc":{"start":{"line":13,"column":4},"end":{"line":22,"column":5}},"type":"if","locations":[{"start":{"line":13,"column":4},"end":{"line":22,"column":5}},{"start":{},"end":{}}],"line":13},"1":{"loc":{"start":{"line":28,"column":4},"end":{"line":37,"column":5}},"type":"if","locations":[{"start":{"line":28,"column":4},"end":{"line":37,"column":5}},{"start":{},"end":{}}],"line":28},"2":{"loc":{"start":{"line":54,"column":4},"end":{"line":58,"column":5}},"type":"if","locations":[{"start":{"line":54,"column":4},"end":{"line":58,"column":5}},{"start":{},"end":{}}],"line":54},"3":{"loc":{"start":{"line":61,"column":4},"end":{"line":68,"column":5}},"type":"if","locations":[{"start":{"line":61,"column":4},"end":{"line":68,"column":5}},{"start":{},"end":{}}],"line":61},"4":{"loc":{"start":{"line":71,"column":4},"end":{"line":79,"column":5}},"type":"if","locations":[{"start":{"line":71,"column":4},"end":{"line":79,"column":5}},{"start":{},"end":{}}],"line":71},"5":{"loc":{"start":{"line":81,"column":24},"end":{"line":83,"column":10}},"type":"cond-expr","locations":[{"start":{"line":82,"column":8},"end":{"line":82,"column":48}},{"start":{"line":83,"column":8},"end":{"line":83,"column":10}}],"line":81},"6":{"loc":{"start":{"line":88,"column":103},"end":{"line":88,"column":126}},"type":"binary-expr","locations":[{"start":{"line":88,"column":103},"end":{"line":88,"column":117}},{"start":{"line":88,"column":121},"end":{"line":88,"column":126}}],"line":88},"7":{"loc":{"start":{"line":90,"column":4},"end":{"line":140,"column":5}},"type":"if","locations":[{"start":{"line":90,"column":4},"end":{"line":140,"column":5}},{"start":{},"end":{}}],"line":90},"8":{"loc":{"start":{"line":90,"column":8},"end":{"line":90,"column":31}},"type":"binary-expr","locations":[{"start":{"line":90,"column":8},"end":{"line":90,"column":22}},{"start":{"line":90,"column":26},"end":{"line":90,"column":31}}],"line":90},"9":{"loc":{"start":{"line":143,"column":25},"end":{"line":143,"column":53}},"type":"cond-expr","locations":[{"start":{"line":143,"column":33},"end":{"line":143,"column":48}},{"start":{"line":143,"column":51},"end":{"line":143,"column":53}}],"line":143},"10":{"loc":{"start":{"line":144,"column":24},"end":{"line":144,"column":43}},"type":"binary-expr","locations":[{"start":{"line":144,"column":24},"end":{"line":144,"column":38}},{"start":{"line":144,"column":42},"end":{"line":144,"column":43}}],"line":144},"11":{"loc":{"start":{"line":302,"column":18},"end":{"line":302,"column":49}},"type":"binary-expr","locations":[{"start":{"line":302,"column":18},"end":{"line":302,"column":43}},{"start":{"line":302,"column":47},"end":{"line":302,"column":49}}],"line":302},"12":{"loc":{"start":{"line":320,"column":21},"end":{"line":320,"column":40}},"type":"binary-expr","locations":[{"start":{"line":320,"column":21},"end":{"line":320,"column":34}},{"start":{"line":320,"column":38},"end":{"line":320,"column":40}}],"line":320},"13":{"loc":{"start":{"line":321,"column":24},"end":{"line":321,"column":46}},"type":"binary-expr","locations":[{"start":{"line":321,"column":24},"end":{"line":321,"column":40}},{"start":{"line":321,"column":44},"end":{"line":321,"column":46}}],"line":321},"14":{"loc":{"start":{"line":332,"column":18},"end":{"line":332,"column":49}},"type":"binary-expr","locations":[{"start":{"line":332,"column":18},"end":{"line":332,"column":43}},{"start":{"line":332,"column":47},"end":{"line":332,"column":49}}],"line":332},"15":{"loc":{"start":{"line":356,"column":21},"end":{"line":356,"column":40}},"type":"binary-expr","locations":[{"start":{"line":356,"column":21},"end":{"line":356,"column":34}},{"start":{"line":356,"column":38},"end":{"line":356,"column":40}}],"line":356},"16":{"loc":{"start":{"line":357,"column":24},"end":{"line":357,"column":46}},"type":"binary-expr","locations":[{"start":{"line":357,"column":24},"end":{"line":357,"column":40}},{"start":{"line":357,"column":44},"end":{"line":357,"column":46}}],"line":357},"17":{"loc":{"start":{"line":358,"column":33},"end":{"line":360,"column":19}},"type":"cond-expr","locations":[{"start":{"line":359,"column":18},"end":{"line":359,"column":91}},{"start":{"line":360,"column":18},"end":{"line":360,"column":19}}],"line":358},"18":{"loc":{"start":{"line":358,"column":33},"end":{"line":358,"column":75}},"type":"binary-expr","locations":[{"start":{"line":358,"column":33},"end":{"line":358,"column":56}},{"start":{"line":358,"column":60},"end":{"line":358,"column":75}}],"line":358},"19":{"loc":{"start":{"line":372,"column":72},"end":{"line":372,"column":88}},"type":"default-arg","locations":[{"start":{"line":372,"column":86},"end":{"line":372,"column":88}}],"line":372},"20":{"loc":{"start":{"line":372,"column":90},"end":{"line":372,"column":109}},"type":"default-arg","locations":[{"start":{"line":372,"column":107},"end":{"line":372,"column":109}}],"line":372},"21":{"loc":{"start":{"line":375,"column":2},"end":{"line":377,"column":3}},"type":"if","locations":[{"start":{"line":375,"column":2},"end":{"line":377,"column":3}},{"start":{},"end":{}}],"line":375},"22":{"loc":{"start":{"line":375,"column":6},"end":{"line":375,"column":107}},"type":"binary-expr","locations":[{"start":{"line":375,"column":6},"end":{"line":375,"column":13}},{"start":{"line":375,"column":17},"end":{"line":375,"column":29}},{"start":{"line":375,"column":33},"end":{"line":375,"column":57}},{"start":{"line":375,"column":61},"end":{"line":375,"column":76}},{"start":{"line":375,"column":80},"end":{"line":375,"column":107}}],"line":375},"23":{"loc":{"start":{"line":386,"column":21},"end":{"line":386,"column":43}},"type":"binary-expr","locations":[{"start":{"line":386,"column":21},"end":{"line":386,"column":35}},{"start":{"line":386,"column":39},"end":{"line":386,"column":43}}],"line":386},"24":{"loc":{"start":{"line":386,"column":45},"end":{"line":386,"column":64}},"type":"binary-expr","locations":[{"start":{"line":386,"column":45},"end":{"line":386,"column":56}},{"start":{"line":386,"column":60},"end":{"line":386,"column":64}}],"line":386},"25":{"loc":{"start":{"line":386,"column":85},"end":{"line":386,"column":111}},"type":"binary-expr","locations":[{"start":{"line":386,"column":85},"end":{"line":386,"column":106}},{"start":{"line":386,"column":110},"end":{"line":386,"column":111}}],"line":386},"26":{"loc":{"start":{"line":413,"column":5},"end":{"line":415,"column":6}},"type":"if","locations":[{"start":{"line":413,"column":5},"end":{"line":415,"column":6}},{"start":{},"end":{}}],"line":413},"27":{"loc":{"start":{"line":436,"column":4},"end":{"line":438,"column":5}},"type":"if","locations":[{"start":{"line":436,"column":4},"end":{"line":438,"column":5}},{"start":{},"end":{}}],"line":436},"28":{"loc":{"start":{"line":441,"column":20},"end":{"line":441,"column":39}},"type":"binary-expr","locations":[{"start":{"line":441,"column":20},"end":{"line":441,"column":33}},{"start":{"line":441,"column":37},"end":{"line":441,"column":39}}],"line":441},"29":{"loc":{"start":{"line":442,"column":23},"end":{"line":442,"column":45}},"type":"binary-expr","locations":[{"start":{"line":442,"column":23},"end":{"line":442,"column":39}},{"start":{"line":442,"column":43},"end":{"line":442,"column":45}}],"line":442},"30":{"loc":{"start":{"line":455,"column":95},"end":{"line":455,"column":111}},"type":"default-arg","locations":[{"start":{"line":455,"column":109},"end":{"line":455,"column":111}}],"line":455},"31":{"loc":{"start":{"line":455,"column":113},"end":{"line":455,"column":132}},"type":"default-arg","locations":[{"start":{"line":455,"column":130},"end":{"line":455,"column":132}}],"line":455},"32":{"loc":{"start":{"line":457,"column":2},"end":{"line":459,"column":3}},"type":"if","locations":[{"start":{"line":457,"column":2},"end":{"line":459,"column":3}},{"start":{},"end":{}}],"line":457},"33":{"loc":{"start":{"line":457,"column":6},"end":{"line":457,"column":107}},"type":"binary-expr","locations":[{"start":{"line":457,"column":6},"end":{"line":457,"column":13}},{"start":{"line":457,"column":17},"end":{"line":457,"column":29}},{"start":{"line":457,"column":33},"end":{"line":457,"column":57}},{"start":{"line":457,"column":61},"end":{"line":457,"column":76}},{"start":{"line":457,"column":80},"end":{"line":457,"column":107}}],"line":457},"34":{"loc":{"start":{"line":467,"column":4},"end":{"line":471,"column":5}},"type":"if","locations":[{"start":{"line":467,"column":4},"end":{"line":471,"column":5}},{"start":{},"end":{}}],"line":467},"35":{"loc":{"start":{"line":477,"column":21},"end":{"line":477,"column":43}},"type":"binary-expr","locations":[{"start":{"line":477,"column":21},"end":{"line":477,"column":35}},{"start":{"line":477,"column":39},"end":{"line":477,"column":43}}],"line":477},"36":{"loc":{"start":{"line":477,"column":45},"end":{"line":477,"column":64}},"type":"binary-expr","locations":[{"start":{"line":477,"column":45},"end":{"line":477,"column":56}},{"start":{"line":477,"column":60},"end":{"line":477,"column":64}}],"line":477},"37":{"loc":{"start":{"line":477,"column":85},"end":{"line":477,"column":111}},"type":"binary-expr","locations":[{"start":{"line":477,"column":85},"end":{"line":477,"column":106}},{"start":{"line":477,"column":110},"end":{"line":477,"column":111}}],"line":477},"38":{"loc":{"start":{"line":498,"column":23},"end":{"line":500,"column":51}},"type":"cond-expr","locations":[{"start":{"line":499,"column":8},"end":{"line":499,"column":85}},{"start":{"line":500,"column":8},"end":{"line":500,"column":51}}],"line":498},"39":{"loc":{"start":{"line":509,"column":5},"end":{"line":511,"column":6}},"type":"if","locations":[{"start":{"line":509,"column":5},"end":{"line":511,"column":6}},{"start":{},"end":{}}],"line":509},"40":{"loc":{"start":{"line":528,"column":8},"end":{"line":532,"column":9}},"type":"if","locations":[{"start":{"line":528,"column":8},"end":{"line":532,"column":9}},{"start":{},"end":{}}],"line":528},"41":{"loc":{"start":{"line":561,"column":4},"end":{"line":563,"column":5}},"type":"if","locations":[{"start":{"line":561,"column":4},"end":{"line":563,"column":5}},{"start":{},"end":{}}],"line":561},"42":{"loc":{"start":{"line":564,"column":4},"end":{"line":567,"column":5}},"type":"if","locations":[{"start":{"line":564,"column":4},"end":{"line":567,"column":5}},{"start":{},"end":{}}],"line":564},"43":{"loc":{"start":{"line":564,"column":8},"end":{"line":564,"column":39}},"type":"binary-expr","locations":[{"start":{"line":564,"column":8},"end":{"line":564,"column":20}},{"start":{"line":564,"column":24},"end":{"line":564,"column":39}}],"line":564},"44":{"loc":{"start":{"line":585,"column":12},"end":{"line":587,"column":13}},"type":"if","locations":[{"start":{"line":585,"column":12},"end":{"line":587,"column":13}},{"start":{},"end":{}}],"line":585},"45":{"loc":{"start":{"line":594,"column":12},"end":{"line":596,"column":13}},"type":"if","locations":[{"start":{"line":594,"column":12},"end":{"line":596,"column":13}},{"start":{},"end":{}}],"line":594},"46":{"loc":{"start":{"line":609,"column":40},"end":{"line":609,"column":56}},"type":"binary-expr","locations":[{"start":{"line":609,"column":40},"end":{"line":609,"column":48}},{"start":{"line":609,"column":52},"end":{"line":609,"column":56}}],"line":609},"47":{"loc":{"start":{"line":610,"column":28},"end":{"line":610,"column":64}},"type":"binary-expr","locations":[{"start":{"line":610,"column":28},"end":{"line":610,"column":56}},{"start":{"line":610,"column":60},"end":{"line":610,"column":64}}],"line":610},"48":{"loc":{"start":{"line":611,"column":28},"end":{"line":611,"column":61}},"type":"binary-expr","locations":[{"start":{"line":611,"column":28},"end":{"line":611,"column":53}},{"start":{"line":611,"column":57},"end":{"line":611,"column":61}}],"line":611},"49":{"loc":{"start":{"line":611,"column":63},"end":{"line":611,"column":82}},"type":"binary-expr","locations":[{"start":{"line":611,"column":63},"end":{"line":611,"column":74}},{"start":{"line":611,"column":78},"end":{"line":611,"column":82}}],"line":611},"50":{"loc":{"start":{"line":612,"column":28},"end":{"line":612,"column":68}},"type":"binary-expr","locations":[{"start":{"line":612,"column":28},"end":{"line":612,"column":63}},{"start":{"line":612,"column":67},"end":{"line":612,"column":68}}],"line":612},"51":{"loc":{"start":{"line":612,"column":70},"end":{"line":612,"column":90}},"type":"binary-expr","locations":[{"start":{"line":612,"column":70},"end":{"line":612,"column":82}},{"start":{"line":612,"column":86},"end":{"line":612,"column":90}}],"line":612},"52":{"loc":{"start":{"line":621,"column":20},"end":{"line":638,"column":21}},"type":"if","locations":[{"start":{"line":621,"column":20},"end":{"line":638,"column":21}},{"start":{"line":635,"column":27},"end":{"line":638,"column":21}}],"line":621},"53":{"loc":{"start":{"line":623,"column":24},"end":{"line":625,"column":25}},"type":"if","locations":[{"start":{"line":623,"column":24},"end":{"line":625,"column":25}},{"start":{},"end":{}}],"line":623},"54":{"loc":{"start":{"line":623,"column":28},"end":{"line":623,"column":75}},"type":"binary-expr","locations":[{"start":{"line":623,"column":28},"end":{"line":623,"column":53}},{"start":{"line":623,"column":57},"end":{"line":623,"column":75}}],"line":623},"55":{"loc":{"start":{"line":642,"column":20},"end":{"line":659,"column":21}},"type":"if","locations":[{"start":{"line":642,"column":20},"end":{"line":659,"column":21}},{"start":{"line":656,"column":27},"end":{"line":659,"column":21}}],"line":642},"56":{"loc":{"start":{"line":644,"column":25},"end":{"line":646,"column":25}},"type":"if","locations":[{"start":{"line":644,"column":25},"end":{"line":646,"column":25}},{"start":{},"end":{}}],"line":644},"57":{"loc":{"start":{"line":644,"column":29},"end":{"line":644,"column":82}},"type":"binary-expr","locations":[{"start":{"line":644,"column":29},"end":{"line":644,"column":57}},{"start":{"line":644,"column":61},"end":{"line":644,"column":82}}],"line":644},"58":{"loc":{"start":{"line":670,"column":80},"end":{"line":670,"column":106}},"type":"binary-expr","locations":[{"start":{"line":670,"column":80},"end":{"line":670,"column":90}},{"start":{"line":670,"column":94},"end":{"line":670,"column":106}}],"line":670},"59":{"loc":{"start":{"line":671,"column":68},"end":{"line":671,"column":87}},"type":"binary-expr","locations":[{"start":{"line":671,"column":68},"end":{"line":671,"column":78}},{"start":{"line":671,"column":82},"end":{"line":671,"column":87}}],"line":671}},"s":{"0":1,"1":1,"2":1,"3":1,"4":0,"5":0,"6":0,"7":0,"8":0,"9":0,"10":0,"11":0,"12":0,"13":0,"14":0,"15":0,"16":1,"17":4,"18":4,"19":4,"20":4,"21":4,"22":4,"23":4,"24":1,"25":1,"26":1,"27":4,"28":1,"29":1,"30":1,"31":4,"32":0,"33":0,"34":0,"35":4,"36":4,"37":4,"38":4,"39":0,"40":0,"41":0,"42":0,"43":0,"44":4,"45":4,"46":4,"47":4,"48":4,"49":4,"50":4,"51":4,"52":4,"53":4,"54":4,"55":4,"56":0,"57":0,"58":1,"59":0,"60":0,"61":0,"62":0,"63":0,"64":0,"65":1,"66":0,"67":0,"68":0,"69":0,"70":0,"71":0,"72":0,"73":1,"74":0,"75":0,"76":0,"77":0,"78":0,"79":0,"80":0,"81":1,"82":0,"83":0,"84":0,"85":0,"86":0,"87":0,"88":0,"89":0,"90":0,"91":1,"92":0,"93":0,"94":0,"95":0,"96":0,"97":0,"98":0,"99":0,"100":0,"101":1,"102":2,"103":2,"104":1,"105":1,"106":1,"107":1,"108":1,"109":1,"110":1,"111":1,"112":1,"113":1,"114":1,"115":1,"116":1,"117":0,"118":0,"119":0,"120":0,"121":0,"122":1,"123":1,"124":2,"125":2,"126":2,"127":2,"128":2,"129":1,"130":1,"131":1,"132":1,"133":1,"134":0,"135":0,"136":1,"137":2,"138":2,"139":2,"140":0,"141":2,"142":2,"143":2,"144":2,"145":2,"146":1,"147":1,"148":1,"149":1,"150":1,"151":1,"152":1,"153":1,"154":1,"155":1,"156":1,"157":1,"158":1,"159":1,"160":1,"161":0,"162":0,"163":0,"164":0,"165":0,"166":2,"167":1,"168":2,"169":2,"170":2,"171":2,"172":2,"173":2,"174":1,"175":1,"176":1,"177":1,"178":1,"179":1,"180":1,"181":1,"182":1,"183":1,"184":0,"185":0,"186":0,"187":2,"188":1,"189":0,"190":0,"191":0,"192":0,"193":0,"194":0,"195":0,"196":0,"197":0,"198":0,"199":0,"200":0,"201":0,"202":0,"203":0,"204":0,"205":0,"206":0,"207":0,"208":0,"209":0,"210":0,"211":0,"212":0,"213":0,"214":0,"215":0,"216":0,"217":0,"218":0,"219":0,"220":0,"221":0,"222":0,"223":0,"224":0,"225":0,"226":0,"227":0,"228":0,"229":0,"230":0,"231":0,"232":0,"233":0,"234":0,"235":0,"236":0,"237":0,"238":0,"239":0,"240":0,"241":0,"242":0,"243":0,"244":0,"245":0,"246":0,"247":0,"248":0,"249":0,"250":0,"251":0,"252":0,"253":0,"254":1},"f":{"0":0,"1":0,"2":4,"3":0,"4":0,"5":0,"6":0,"7":0,"8":0,"9":0,"10":2,"11":2,"12":2,"13":2,"14":0,"15":0,"16":0,"17":0,"18":0,"19":0,"20":0,"21":0,"22":0,"23":0,"24":0},"b":{"0":[0,0],"1":[0,0],"2":[1,3],"3":[1,3],"4":[0,4],"5":[2,2],"6":[4,3],"7":[0,4],"8":[4,3],"9":[1,3],"10":[4,3],"11":[0,0],"12":[0,0],"13":[0,0],"14":[0,0],"15":[0,0],"16":[0,0],"17":[0,0],"18":[0,0],"19":[0],"20":[0],"21":[1,1],"22":[2,1,1,1,1],"23":[1,0],"24":[1,1],"25":[1,1],"26":[0,0],"27":[1,1],"28":[1,0],"29":[1,0],"30":[0],"31":[0],"32":[0,2],"33":[2,2,2,2,2],"34":[1,1],"35":[1,1],"36":[1,1],"37":[1,1],"38":[1,0],"39":[0,0],"40":[1,1],"41":[0,0],"42":[0,0],"43":[0,0],"44":[0,0],"45":[0,0],"46":[0,0],"47":[0,0],"48":[0,0],"49":[0,0],"50":[0,0],"51":[0,0],"52":[0,0],"53":[0,0],"54":[0,0],"55":[0,0],"56":[0,0],"57":[0,0],"58":[0,0],"59":[0,0]},"_coverageSchema":"1a1c01bbd47fc00a2c39e90264f33305004495a9","hash":"30f2314d7389e26b7ac879b7c9e2290f50d1217a"}
,"C:\\Users\\Usuario\\Downloads\\Biblioteca Academica refatoração - 1\\biblioteca_academica-main\\backend\\src\\controllers\\loanController.js": {"path":"C:\\Users\\Usuario\\Downloads\\Biblioteca Academica refatoração - 1\\biblioteca_academica-main\\backend\\src\\controllers\\loanController.js","statementMap":{"0":{"start":{"line":3,"column":13},"end":{"line":3,"column":42}},"1":{"start":{"line":6,"column":19},"end":{"line":47,"column":1}},"2":{"start":{"line":8,"column":20},"end":{"line":8,"column":34}},"3":{"start":{"line":10,"column":2},"end":{"line":46,"column":3}},"4":{"start":{"line":13,"column":18},"end":{"line":37,"column":5}},"5":{"start":{"line":39,"column":19},"end":{"line":39,"column":55}},"6":{"start":{"line":41,"column":4},"end":{"line":41,"column":38}},"7":{"start":{"line":44,"column":4},"end":{"line":44,"column":58}},"8":{"start":{"line":45,"column":4},"end":{"line":45,"column":68}},"9":{"start":{"line":49,"column":0},"end":{"line":51,"column":2}}},"fnMap":{"0":{"name":"(anonymous_0)","decl":{"start":{"line":6,"column":19},"end":{"line":6,"column":20}},"loc":{"start":{"line":6,"column":39},"end":{"line":47,"column":1}},"line":6}},"branchMap":{},"s":{"0":1,"1":1,"2":5,"3":5,"4":5,"5":5,"6":4,"7":1,"8":1,"9":1},"f":{"0":5},"b":{},"_coverageSchema":"1a1c01bbd47fc00a2c39e90264f33305004495a9","hash":"dec9f2b14d13cd4289565aa277197ffbab928bfb"}
,"C:\\Users\\Usuario\\Downloads\\Biblioteca Academica refatoração - 1\\biblioteca_academica-main\\backend\\src\\controllers\\reservationController.js": {"path":"C:\\Users\\Usuario\\Downloads\\Biblioteca Academica refatoração - 1\\biblioteca_academica-main\\backend\\src\\controllers\\reservationController.js","statementMap":{"0":{"start":{"line":3,"column":13},"end":{"line":3,"column":42}},"1":{"start":{"line":6,"column":26},"end":{"line":47,"column":1}},"2":{"start":{"line":7,"column":20},"end":{"line":7,"column":34}},"3":{"start":{"line":8,"column":39},"end":{"line":8,"column":47}},"4":{"start":{"line":10,"column":2},"end":{"line":12,"column":3}},"5":{"start":{"line":11,"column":4},"end":{"line":11,"column":102}},"6":{"start":{"line":14,"column":17},"end":{"line":14,"column":37}},"7":{"start":{"line":15,"column":2},"end":{"line":46,"column":3}},"8":{"start":{"line":17,"column":24},"end":{"line":22,"column":5}},"9":{"start":{"line":23,"column":21},"end":{"line":23,"column":65}},"10":{"start":{"line":24,"column":30},"end":{"line":24,"column":57}},"11":{"start":{"line":26,"column":4},"end":{"line":28,"column":5}},"12":{"start":{"line":27,"column":6},"end":{"line":27,"column":95}},"13":{"start":{"line":30,"column":4},"end":{"line":30,"column":32}},"14":{"start":{"line":31,"column":24},"end":{"line":37,"column":5}},"15":{"start":{"line":38,"column":4},"end":{"line":38,"column":33}},"16":{"start":{"line":39,"column":4},"end":{"line":39,"column":46}},"17":{"start":{"line":41,"column":4},"end":{"line":41,"column":35}},"18":{"start":{"line":42,"column":4},"end":{"line":42,"column":51}},"19":{"start":{"line":43,"column":4},"end":{"line":43,"column":68}},"20":{"start":{"line":45,"column":4},"end":{"line":45,"column":21}},"21":{"start":{"line":51,"column":26},"end":{"line":119,"column":1}},"22":{"start":{"line":52,"column":20},"end":{"line":52,"column":34}},"23":{"start":{"line":54,"column":2},"end":{"line":54,"column":80}},"24":{"start":{"line":56,"column":2},"end":{"line":118,"column":3}},"25":{"start":{"line":58,"column":18},"end":{"line":87,"column":5}},"26":{"start":{"line":89,"column":4},"end":{"line":89,"column":59}},"27":{"start":{"line":90,"column":21},"end":{"line":90,"column":57}},"28":{"start":{"line":91,"column":4},"end":{"line":91,"column":84}},"29":{"start":{"line":94,"column":31},"end":{"line":109,"column":7}},"30":{"start":{"line":94,"column":48},"end":{"line":109,"column":5}},"31":{"start":{"line":111,"column":4},"end":{"line":111,"column":100}},"32":{"start":{"line":112,"column":4},"end":{"line":112,"column":45}},"33":{"start":{"line":115,"column":4},"end":{"line":115,"column":64}},"34":{"start":{"line":116,"column":4},"end":{"line":116,"column":56}},"35":{"start":{"line":117,"column":4},"end":{"line":117,"column":68}},"36":{"start":{"line":123,"column":26},"end":{"line":150,"column":1}},"37":{"start":{"line":124,"column":20},"end":{"line":124,"column":34}},"38":{"start":{"line":125,"column":17},"end":{"line":125,"column":27}},"39":{"start":{"line":127,"column":2},"end":{"line":149,"column":3}},"40":{"start":{"line":129,"column":24},"end":{"line":134,"column":5}},"41":{"start":{"line":136,"column":31},"end":{"line":136,"column":77}},"42":{"start":{"line":140,"column":4},"end":{"line":142,"column":5}},"43":{"start":{"line":141,"column":6},"end":{"line":141,"column":101}},"44":{"start":{"line":144,"column":4},"end":{"line":144,"column":91}},"45":{"start":{"line":147,"column":4},"end":{"line":147,"column":54}},"46":{"start":{"line":148,"column":4},"end":{"line":148,"column":68}},"47":{"start":{"line":153,"column":0},"end":{"line":157,"column":2}}},"fnMap":{"0":{"name":"(anonymous_0)","decl":{"start":{"line":6,"column":26},"end":{"line":6,"column":27}},"loc":{"start":{"line":6,"column":46},"end":{"line":47,"column":1}},"line":6},"1":{"name":"(anonymous_1)","decl":{"start":{"line":51,"column":26},"end":{"line":51,"column":27}},"loc":{"start":{"line":51,"column":46},"end":{"line":119,"column":1}},"line":51},"2":{"name":"(anonymous_2)","decl":{"start":{"line":94,"column":40},"end":{"line":94,"column":41}},"loc":{"start":{"line":94,"column":48},"end":{"line":109,"column":5}},"line":94},"3":{"name":"(anonymous_3)","decl":{"start":{"line":123,"column":26},"end":{"line":123,"column":27}},"loc":{"start":{"line":123,"column":46},"end":{"line":150,"column":1}},"line":123}},"branchMap":{"0":{"loc":{"start":{"line":10,"column":2},"end":{"line":12,"column":3}},"type":"if","locations":[{"start":{"line":10,"column":2},"end":{"line":12,"column":3}},{"start":{},"end":{}}],"line":10},"1":{"loc":{"start":{"line":10,"column":6},"end":{"line":10,"column":34}},"type":"binary-expr","locations":[{"start":{"line":10,"column":6},"end":{"line":10,"column":15}},{"start":{"line":10,"column":19},"end":{"line":10,"column":34}}],"line":10},"2":{"loc":{"start":{"line":26,"column":4},"end":{"line":28,"column":5}},"type":"if","locations":[{"start":{"line":26,"column":4},"end":{"line":28,"column":5}},{"start":{},"end":{}}],"line":26},"3":{"loc":{"start":{"line":102,"column":18},"end":{"line":102,"column":41}},"type":"binary-expr","locations":[{"start":{"line":102,"column":18},"end":{"line":102,"column":32}},{"start":{"line":102,"column":36},"end":{"line":102,"column":41}}],"line":102},"4":{"loc":{"start":{"line":140,"column":4},"end":{"line":142,"column":5}},"type":"if","locations":[{"start":{"line":140,"column":4},"end":{"line":142,"column":5}},{"start":{},"end":{}}],"line":140}},"s":{"0":1,"1":1,"2":3,"3":3,"4":3,"5":1,"6":2,"7":2,"8":2,"9":2,"10":2,"11":2,"12":1,"13":1,"14":1,"15":1,"16":1,"17":0,"18":0,"19":0,"20":2,"21":1,"22":3,"23":3,"24":3,"25":3,"26":3,"27":3,"28":2,"29":2,"30":1,"31":2,"32":2,"33":1,"34":1,"35":1,"36":1,"37":2,"38":2,"39":2,"40":2,"41":2,"42":2,"43":1,"44":1,"45":0,"46":0,"47":1},"f":{"0":3,"1":3,"2":1,"3":2},"b":{"0":[1,2],"1":[3,3],"2":[1,1],"3":[1,1],"4":[1,1]},"_coverageSchema":"1a1c01bbd47fc00a2c39e90264f33305004495a9","hash":"b8858f98e375e64432b978314cf46456479c4649"}
,"C:\\Users\\Usuario\\Downloads\\Biblioteca Academica refatoração - 1\\biblioteca_academica-main\\backend\\src\\controllers\\userController.js": {"path":"C:\\Users\\Usuario\\Downloads\\Biblioteca Academica refatoração - 1\\biblioteca_academica-main\\backend\\src\\controllers\\userController.js","statementMap":{"0":{"start":{"line":3,"column":13},"end":{"line":3,"column":42}},"1":{"start":{"line":4,"column":15},"end":{"line":4,"column":34}},"2":{"start":{"line":5,"column":34},"end":{"line":5,"column":69}},"3":{"start":{"line":6,"column":26},"end":{"line":6,"column":65}},"4":{"start":{"line":9,"column":20},"end":{"line":41,"column":1}},"5":{"start":{"line":10,"column":41},"end":{"line":10,"column":50}},"6":{"start":{"line":11,"column":2},"end":{"line":40,"column":3}},"7":{"start":{"line":12,"column":23},"end":{"line":12,"column":25}},"8":{"start":{"line":13,"column":22},"end":{"line":13,"column":24}},"9":{"start":{"line":14,"column":21},"end":{"line":14,"column":22}},"10":{"start":{"line":15,"column":4},"end":{"line":18,"column":5}},"11":{"start":{"line":16,"column":6},"end":{"line":16,"column":57}},"12":{"start":{"line":17,"column":6},"end":{"line":17,"column":38}},"13":{"start":{"line":19,"column":4},"end":{"line":22,"column":5}},"14":{"start":{"line":20,"column":6},"end":{"line":20,"column":61}},"15":{"start":{"line":21,"column":6},"end":{"line":21,"column":29}},"16":{"start":{"line":23,"column":4},"end":{"line":26,"column":5}},"17":{"start":{"line":24,"column":6},"end":{"line":24,"column":68}},"18":{"start":{"line":25,"column":6},"end":{"line":25,"column":37}},"19":{"start":{"line":27,"column":24},"end":{"line":27,"column":92}},"20":{"start":{"line":28,"column":18},"end":{"line":34,"column":5}},"21":{"start":{"line":35,"column":21},"end":{"line":35,"column":57}},"22":{"start":{"line":36,"column":4},"end":{"line":36,"column":31}},"23":{"start":{"line":38,"column":4},"end":{"line":38,"column":53}},"24":{"start":{"line":39,"column":4},"end":{"line":39,"column":68}},"25":{"start":{"line":44,"column":19},"end":{"line":71,"column":1}},"26":{"start":{"line":45,"column":57},"end":{"line":45,"column":65}},"27":{"start":{"line":46,"column":2},"end":{"line":48,"column":3}},"28":{"start":{"line":47,"column":4},"end":{"line":47,"column":82}},"29":{"start":{"line":49,"column":2},"end":{"line":70,"column":3}},"30":{"start":{"line":50,"column":17},"end":{"line":50,"column":41}},"31":{"start":{"line":51,"column":23},"end":{"line":51,"column":53}},"32":{"start":{"line":52,"column":25},"end":{"line":55,"column":5}},"33":{"start":{"line":56,"column":21},"end":{"line":56,"column":102}},"34":{"start":{"line":57,"column":24},"end":{"line":57,"column":31}},"35":{"start":{"line":58,"column":4},"end":{"line":58,"column":85}},"36":{"start":{"line":61,"column":4},"end":{"line":61,"column":105}},"37":{"start":{"line":63,"column":4},"end":{"line":63,"column":91}},"38":{"start":{"line":65,"column":4},"end":{"line":67,"column":5}},"39":{"start":{"line":66,"column":6},"end":{"line":66,"column":84}},"40":{"start":{"line":68,"column":4},"end":{"line":68,"column":51}},"41":{"start":{"line":69,"column":4},"end":{"line":69,"column":66}},"42":{"start":{"line":74,"column":20},"end":{"line":86,"column":1}},"43":{"start":{"line":75,"column":19},"end":{"line":75,"column":29}},"44":{"start":{"line":76,"column":4},"end":{"line":85,"column":5}},"45":{"start":{"line":77,"column":25},"end":{"line":77,"column":124}},"46":{"start":{"line":78,"column":8},"end":{"line":80,"column":9}},"47":{"start":{"line":79,"column":12},"end":{"line":79,"column":80}},"48":{"start":{"line":81,"column":8},"end":{"line":81,"column":38}},"49":{"start":{"line":83,"column":8},"end":{"line":83,"column":56}},"50":{"start":{"line":84,"column":8},"end":{"line":84,"column":71}},"51":{"start":{"line":89,"column":19},"end":{"line":116,"column":1}},"52":{"start":{"line":90,"column":19},"end":{"line":90,"column":29}},"53":{"start":{"line":91,"column":52},"end":{"line":91,"column":60}},"54":{"start":{"line":92,"column":4},"end":{"line":94,"column":5}},"55":{"start":{"line":93,"column":8},"end":{"line":93,"column":100}},"56":{"start":{"line":95,"column":4},"end":{"line":115,"column":5}},"57":{"start":{"line":96,"column":22},"end":{"line":99,"column":9}},"58":{"start":{"line":100,"column":25},"end":{"line":100,"column":91}},"59":{"start":{"line":101,"column":8},"end":{"line":103,"column":9}},"60":{"start":{"line":102,"column":12},"end":{"line":102,"column":95}},"61":{"start":{"line":106,"column":8},"end":{"line":106,"column":113}},"62":{"start":{"line":108,"column":8},"end":{"line":108,"column":95}},"63":{"start":{"line":110,"column":9},"end":{"line":112,"column":9}},"64":{"start":{"line":111,"column":12},"end":{"line":111,"column":108}},"65":{"start":{"line":113,"column":8},"end":{"line":113,"column":59}},"66":{"start":{"line":114,"column":8},"end":{"line":114,"column":71}},"67":{"start":{"line":119,"column":19},"end":{"line":142,"column":1}},"68":{"start":{"line":120,"column":19},"end":{"line":120,"column":29}},"69":{"start":{"line":121,"column":4},"end":{"line":141,"column":5}},"70":{"start":{"line":123,"column":27},"end":{"line":123,"column":91}},"71":{"start":{"line":124,"column":36},"end":{"line":124,"column":74}},"72":{"start":{"line":126,"column":25},"end":{"line":126,"column":84}},"73":{"start":{"line":127,"column":8},"end":{"line":129,"column":9}},"74":{"start":{"line":128,"column":12},"end":{"line":128,"column":94}},"75":{"start":{"line":132,"column":8},"end":{"line":132,"column":108}},"76":{"start":{"line":134,"column":8},"end":{"line":134,"column":75}},"77":{"start":{"line":136,"column":8},"end":{"line":138,"column":9}},"78":{"start":{"line":137,"column":12},"end":{"line":137,"column":140}},"79":{"start":{"line":139,"column":8},"end":{"line":139,"column":57}},"80":{"start":{"line":140,"column":8},"end":{"line":140,"column":71}},"81":{"start":{"line":145,"column":0},"end":{"line":151,"column":2}}},"fnMap":{"0":{"name":"(anonymous_0)","decl":{"start":{"line":9,"column":20},"end":{"line":9,"column":21}},"loc":{"start":{"line":9,"column":40},"end":{"line":41,"column":1}},"line":9},"1":{"name":"(anonymous_1)","decl":{"start":{"line":44,"column":19},"end":{"line":44,"column":20}},"loc":{"start":{"line":44,"column":39},"end":{"line":71,"column":1}},"line":44},"2":{"name":"(anonymous_2)","decl":{"start":{"line":74,"column":20},"end":{"line":74,"column":21}},"loc":{"start":{"line":74,"column":40},"end":{"line":86,"column":1}},"line":74},"3":{"name":"(anonymous_3)","decl":{"start":{"line":89,"column":19},"end":{"line":89,"column":20}},"loc":{"start":{"line":89,"column":39},"end":{"line":116,"column":1}},"line":89},"4":{"name":"(anonymous_4)","decl":{"start":{"line":119,"column":19},"end":{"line":119,"column":20}},"loc":{"start":{"line":119,"column":39},"end":{"line":142,"column":1}},"line":119}},"branchMap":{"0":{"loc":{"start":{"line":15,"column":4},"end":{"line":18,"column":5}},"type":"if","locations":[{"start":{"line":15,"column":4},"end":{"line":18,"column":5}},{"start":{},"end":{}}],"line":15},"1":{"loc":{"start":{"line":19,"column":4},"end":{"line":22,"column":5}},"type":"if","locations":[{"start":{"line":19,"column":4},"end":{"line":22,"column":5}},{"start":{},"end":{}}],"line":19},"2":{"loc":{"start":{"line":23,"column":4},"end":{"line":26,"column":5}},"type":"if","locations":[{"start":{"line":23,"column":4},"end":{"line":26,"column":5}},{"start":{},"end":{}}],"line":23},"3":{"loc":{"start":{"line":27,"column":24},"end":{"line":27,"column":92}},"type":"cond-expr","locations":[{"start":{"line":27,"column":50},"end":{"line":27,"column":87}},{"start":{"line":27,"column":90},"end":{"line":27,"column":92}}],"line":27},"4":{"loc":{"start":{"line":46,"column":2},"end":{"line":48,"column":3}},"type":"if","locations":[{"start":{"line":46,"column":2},"end":{"line":48,"column":3}},{"start":{},"end":{}}],"line":46},"5":{"loc":{"start":{"line":46,"column":6},"end":{"line":46,"column":48}},"type":"binary-expr","locations":[{"start":{"line":46,"column":6},"end":{"line":46,"column":11}},{"start":{"line":46,"column":15},"end":{"line":46,"column":21}},{"start":{"line":46,"column":25},"end":{"line":46,"column":31}},{"start":{"line":46,"column":35},"end":{"line":46,"column":48}}],"line":46},"6":{"loc":{"start":{"line":65,"column":4},"end":{"line":67,"column":5}},"type":"if","locations":[{"start":{"line":65,"column":4},"end":{"line":67,"column":5}},{"start":{},"end":{}}],"line":65},"7":{"loc":{"start":{"line":78,"column":8},"end":{"line":80,"column":9}},"type":"if","locations":[{"start":{"line":78,"column":8},"end":{"line":80,"column":9}},{"start":{},"end":{}}],"line":78},"8":{"loc":{"start":{"line":92,"column":4},"end":{"line":94,"column":5}},"type":"if","locations":[{"start":{"line":92,"column":4},"end":{"line":94,"column":5}},{"start":{},"end":{}}],"line":92},"9":{"loc":{"start":{"line":92,"column":8},"end":{"line":92,"column":40}},"type":"binary-expr","locations":[{"start":{"line":92,"column":8},"end":{"line":92,"column":13}},{"start":{"line":92,"column":17},"end":{"line":92,"column":23}},{"start":{"line":92,"column":27},"end":{"line":92,"column":40}}],"line":92},"10":{"loc":{"start":{"line":101,"column":8},"end":{"line":103,"column":9}},"type":"if","locations":[{"start":{"line":101,"column":8},"end":{"line":103,"column":9}},{"start":{},"end":{}}],"line":101},"11":{"loc":{"start":{"line":110,"column":9},"end":{"line":112,"column":9}},"type":"if","locations":[{"start":{"line":110,"column":9},"end":{"line":112,"column":9}},{"start":{},"end":{}}],"line":110},"12":{"loc":{"start":{"line":124,"column":36},"end":{"line":124,"column":74}},"type":"binary-expr","locations":[{"start":{"line":124,"column":36},"end":{"line":124,"column":60}},{"start":{"line":124,"column":64},"end":{"line":124,"column":74}}],"line":124},"13":{"loc":{"start":{"line":127,"column":8},"end":{"line":129,"column":9}},"type":"if","locations":[{"start":{"line":127,"column":8},"end":{"line":129,"column":9}},{"start":{},"end":{}}],"line":127},"14":{"loc":{"start":{"line":136,"column":8},"end":{"line":138,"column":9}},"type":"if","locations":[{"start":{"line":136,"column":8},"end":{"line":138,"column":9}},{"start":{},"end":{}}],"line":136}},"s":{"0":1,"1":1,"2":1,"3":1,"4":1,"5":3,"6":3,"7":3,"8":3,"9":3,"10":3,"11":1,"12":1,"13":3,"14":1,"15":1,"16":3,"17":0,"18":0,"19":3,"20":3,"21":3,"22":3,"23":0,"24":0,"25":1,"26":3,"27":3,"28":1,"29":2,"30":2,"31":2,"32":2,"33":2,"34":1,"35":1,"36":1,"37":1,"38":1,"39":1,"40":0,"41":0,"42":1,"43":2,"44":2,"45":2,"46":2,"47":1,"48":1,"49":0,"50":0,"51":1,"52":3,"53":3,"54":3,"55":1,"56":2,"57":2,"58":2,"59":2,"60":1,"61":1,"62":1,"63":0,"64":0,"65":0,"66":0,"67":1,"68":2,"69":2,"70":2,"71":2,"72":2,"73":2,"74":1,"75":1,"76":1,"77":0,"78":0,"79":0,"80":0,"81":1},"f":{"0":3,"1":3,"2":2,"3":3,"4":2},"b":{"0":[1,2],"1":[1,2],"2":[0,3],"3":[2,1],"4":[1,2],"5":[3,3,2,2],"6":[1,0],"7":[1,1],"8":[1,2],"9":[3,3,2],"10":[1,1],"11":[0,0],"12":[2,1],"13":[1,1],"14":[0,0]},"_coverageSchema":"1a1c01bbd47fc00a2c39e90264f33305004495a9","hash":"c3d767b1e0771a20e6b8f89c61211de15e910371"}
,"C:\\Users\\Usuario\\Downloads\\Biblioteca Academica refatoração - 1\\biblioteca_academica-main\\backend\\src\\middlewares\\adminMiddleware.js": {"path":"C:\\Users\\Usuario\\Downloads\\Biblioteca Academica refatoração - 1\\biblioteca_academica-main\\backend\\src\\middlewares\\adminMiddleware.js","statementMap":{"0":{"start":{"line":4,"column":14},"end":{"line":8,"column":1}},"1":{"start":{"line":11,"column":19},"end":{"line":19,"column":1}},"2":{"start":{"line":12,"column":2},"end":{"line":14,"column":3}},"3":{"start":{"line":13,"column":4},"end":{"line":13,"column":95}},"4":{"start":{"line":15,"column":2},"end":{"line":17,"column":3}},"5":{"start":{"line":16,"column":4},"end":{"line":16,"column":112}},"6":{"start":{"line":18,"column":2},"end":{"line":18,"column":16}},"7":{"start":{"line":22,"column":34},"end":{"line":31,"column":1}},"8":{"start":{"line":23,"column":2},"end":{"line":25,"column":3}},"9":{"start":{"line":24,"column":4},"end":{"line":24,"column":95}},"10":{"start":{"line":26,"column":15},"end":{"line":26,"column":39}},"11":{"start":{"line":27,"column":2},"end":{"line":29,"column":3}},"12":{"start":{"line":28,"column":4},"end":{"line":28,"column":130}},"13":{"start":{"line":30,"column":2},"end":{"line":30,"column":16}},"14":{"start":{"line":33,"column":0},"end":{"line":33,"column":66}}},"fnMap":{"0":{"name":"(anonymous_0)","decl":{"start":{"line":11,"column":19},"end":{"line":11,"column":20}},"loc":{"start":{"line":11,"column":39},"end":{"line":19,"column":1}},"line":11},"1":{"name":"(anonymous_1)","decl":{"start":{"line":22,"column":34},"end":{"line":22,"column":35}},"loc":{"start":{"line":22,"column":54},"end":{"line":31,"column":1}},"line":22}},"branchMap":{"0":{"loc":{"start":{"line":12,"column":2},"end":{"line":14,"column":3}},"type":"if","locations":[{"start":{"line":12,"column":2},"end":{"line":14,"column":3}},{"start":{},"end":{}}],"line":12},"1":{"loc":{"start":{"line":15,"column":2},"end":{"line":17,"column":3}},"type":"if","locations":[{"start":{"line":15,"column":2},"end":{"line":17,"column":3}},{"start":{},"end":{}}],"line":15},"2":{"loc":{"start":{"line":23,"column":2},"end":{"line":25,"column":3}},"type":"if","locations":[{"start":{"line":23,"column":2},"end":{"line":25,"column":3}},{"start":{},"end":{}}],"line":23},"3":{"loc":{"start":{"line":27,"column":2},"end":{"line":29,"column":3}},"type":"if","locations":[{"start":{"line":27,"column":2},"end":{"line":29,"column":3}},{"start":{},"end":{}}],"line":27},"4":{"loc":{"start":{"line":27,"column":6},"end":{"line":27,"column":58}},"type":"binary-expr","locations":[{"start":{"line":27,"column":6},"end":{"line":27,"column":26}},{"start":{"line":27,"column":30},"end":{"line":27,"column":58}}],"line":27}},"s":{"0":1,"1":1,"2":4,"3":1,"4":3,"5":2,"6":1,"7":1,"8":4,"9":1,"10":3,"11":3,"12":1,"13":2,"14":1},"f":{"0":4,"1":4},"b":{"0":[1,3],"1":[2,1],"2":[1,3],"3":[1,2],"4":[3,2]},"_coverageSchema":"1a1c01bbd47fc00a2c39e90264f33305004495a9","hash":"ac40266b91942f21eeb92d3c907dadb501d7267b"}
,"C:\\Users\\Usuario\\Downloads\\Biblioteca Academica refatoração - 1\\biblioteca_academica-main\\backend\\src\\middlewares\\authMiddleware.js": {"path":"C:\\Users\\Usuario\\Downloads\\Biblioteca Academica refatoração - 1\\biblioteca_academica-main\\backend\\src\\middlewares\\authMiddleware.js","statementMap":{"0":{"start":{"line":3,"column":12},"end":{"line":3,"column":35}},"1":{"start":{"line":5,"column":0},"end":{"line":41,"column":2}},"2":{"start":{"line":6,"column":2},"end":{"line":6,"column":68}},"3":{"start":{"line":7,"column":21},"end":{"line":7,"column":46}},"4":{"start":{"line":10,"column":2},"end":{"line":13,"column":3}},"5":{"start":{"line":11,"column":4},"end":{"line":11,"column":56}},"6":{"start":{"line":12,"column":4},"end":{"line":12,"column":69}},"7":{"start":{"line":16,"column":16},"end":{"line":16,"column":37}},"8":{"start":{"line":17,"column":2},"end":{"line":20,"column":3}},"9":{"start":{"line":18,"column":4},"end":{"line":18,"column":63}},"10":{"start":{"line":19,"column":4},"end":{"line":19,"column":74}},"11":{"start":{"line":22,"column":26},"end":{"line":22,"column":31}},"12":{"start":{"line":23,"column":2},"end":{"line":26,"column":3}},"13":{"start":{"line":24,"column":4},"end":{"line":24,"column":71}},"14":{"start":{"line":25,"column":4},"end":{"line":25,"column":69}},"15":{"start":{"line":29,"column":2},"end":{"line":40,"column":5}},"16":{"start":{"line":30,"column":4},"end":{"line":33,"column":5}},"17":{"start":{"line":31,"column":6},"end":{"line":31,"column":79}},"18":{"start":{"line":32,"column":6},"end":{"line":32,"column":78}},"19":{"start":{"line":35,"column":4},"end":{"line":35,"column":80}},"20":{"start":{"line":38,"column":4},"end":{"line":38,"column":26}},"21":{"start":{"line":39,"column":4},"end":{"line":39,"column":18}}},"fnMap":{"0":{"name":"(anonymous_0)","decl":{"start":{"line":5,"column":17},"end":{"line":5,"column":18}},"loc":{"start":{"line":5,"column":37},"end":{"line":41,"column":1}},"line":5},"1":{"name":"(anonymous_1)","decl":{"start":{"line":29,"column":44},"end":{"line":29,"column":45}},"loc":{"start":{"line":29,"column":62},"end":{"line":40,"column":3}},"line":29}},"branchMap":{"0":{"loc":{"start":{"line":10,"column":2},"end":{"line":13,"column":3}},"type":"if","locations":[{"start":{"line":10,"column":2},"end":{"line":13,"column":3}},{"start":{},"end":{}}],"line":10},"1":{"loc":{"start":{"line":17,"column":2},"end":{"line":20,"column":3}},"type":"if","locations":[{"start":{"line":17,"column":2},"end":{"line":20,"column":3}},{"start":{},"end":{}}],"line":17},"2":{"loc":{"start":{"line":23,"column":2},"end":{"line":26,"column":3}},"type":"if","locations":[{"start":{"line":23,"column":2},"end":{"line":26,"column":3}},{"start":{},"end":{}}],"line":23},"3":{"loc":{"start":{"line":30,"column":4},"end":{"line":33,"column":5}},"type":"if","locations":[{"start":{"line":30,"column":4},"end":{"line":33,"column":5}},{"start":{},"end":{}}],"line":30}},"s":{"0":1,"1":1,"2":5,"3":5,"4":5,"5":1,"6":1,"7":4,"8":4,"9":1,"10":1,"11":3,"12":3,"13":1,"14":1,"15":2,"16":2,"17":1,"18":1,"19":1,"20":1,"21":1},"f":{"0":5,"1":2},"b":{"0":[1,4],"1":[1,3],"2":[1,2],"3":[1,1]},"_coverageSchema":"1a1c01bbd47fc00a2c39e90264f33305004495a9","hash":"5d2504cb430c017da4eb26eff9fa9a208ba9084c"}
}
