TN:
SF:src\config\database.js
FNF:0
FNH:0
DA:4,6
DA:7,6
DA:12,6
DA:21,6
LF:4
LH:4
BRF:0
BRH:0
end_of_record
TN:
SF:src\controllers\authController.js
FN:8,(anonymous_0)
FN:80,(anonymous_1)
FN:142,(anonymous_2)
FN:178,(anonymous_3)
FNF:4
FNH:4
FNDA:4,(anonymous_0)
FNDA:2,(anonymous_1)
FNDA:3,(anonymous_2)
FNDA:3,(anonymous_3)
DA:3,1
DA:4,1
DA:5,1
DA:8,1
DA:9,4
DA:11,4
DA:12,1
DA:15,3
DA:16,3
DA:18,3
DA:19,1
DA:22,2
DA:25,2
DA:26,1
DA:31,1
DA:33,1
DA:34,1
DA:38,0
DA:39,0
DA:44,0
DA:51,0
DA:54,0
DA:62,0
DA:64,0
DA:66,0
DA:73,0
DA:74,0
DA:80,1
DA:81,2
DA:83,2
DA:84,1
DA:87,1
DA:89,1
DA:90,1
DA:91,1
DA:93,1
DA:94,1
DA:97,0
DA:100,0
DA:101,0
DA:106,0
DA:113,0
DA:116,0
DA:124,0
DA:126,0
DA:128,0
DA:135,0
DA:136,0
DA:142,1
DA:143,3
DA:145,3
DA:146,1
DA:149,2
DA:151,2
DA:156,2
DA:157,1
DA:162,1
DA:164,1
DA:172,0
DA:173,0
DA:178,1
DA:179,3
DA:181,3
DA:182,1
DA:186,2
DA:187,1
DA:190,1
DA:192,1
DA:197,1
DA:198,1
DA:203,0
DA:206,0
DA:207,0
DA:210,0
DA:215,0
DA:220,0
DA:221,0
DA:225,1
LF:78
LH:48
BRDA:11,0,0,1
BRDA:11,0,1,3
BRDA:11,1,0,4
BRDA:11,1,1,4
BRDA:18,2,0,1
BRDA:18,2,1,2
BRDA:25,3,0,1
BRDA:25,3,1,1
BRDA:33,4,0,1
BRDA:33,4,1,0
BRDA:38,5,0,0
BRDA:38,5,1,0
BRDA:38,5,2,0
BRDA:83,6,0,1
BRDA:83,6,1,1
BRDA:83,7,0,2
BRDA:83,7,1,2
BRDA:87,8,0,0
BRDA:87,8,1,1
BRDA:93,9,0,1
BRDA:93,9,1,0
BRDA:100,10,0,0
BRDA:100,10,1,0
BRDA:100,10,2,0
BRDA:145,11,0,1
BRDA:145,11,1,2
BRDA:145,12,0,3
BRDA:145,12,1,3
BRDA:156,13,0,1
BRDA:156,13,1,1
BRDA:181,14,0,1
BRDA:181,14,1,2
BRDA:181,15,0,3
BRDA:181,15,1,3
BRDA:181,15,2,2
BRDA:186,16,0,1
BRDA:186,16,1,1
BRDA:197,17,0,1
BRDA:197,17,1,0
BRF:39
BRH:29
end_of_record
TN:
SF:src\controllers\bookController.js
FN:11,findOrCreateAutor
FN:26,findOrCreateCategoria
FN:43,(anonymous_2)
FN:233,(anonymous_3)
FN:254,(anonymous_4)
FN:277,(anonymous_5)
FN:301,(anonymous_6)
FN:318,(anonymous_7)
FN:331,(anonymous_8)
FN:354,(anonymous_9)
FN:371,(anonymous_10)
FN:424,(anonymous_11)
FN:453,(anonymous_12)
FN:520,(anonymous_13)
FN:560,(anonymous_14)
FN:580,(anonymous_15)
FN:581,(anonymous_16)
FN:583,(anonymous_17)
FN:584,(anonymous_18)
FN:592,(anonymous_19)
FN:622,(anonymous_20)
FN:622,(anonymous_21)
FN:643,(anonymous_22)
FN:643,(anonymous_23)
FN:687,(anonymous_24)
FNF:25
FNH:5
FNDA:0,findOrCreateAutor
FNDA:0,findOrCreateCategoria
FNDA:4,(anonymous_2)
FNDA:0,(anonymous_3)
FNDA:0,(anonymous_4)
FNDA:0,(anonymous_5)
FNDA:0,(anonymous_6)
FNDA:0,(anonymous_7)
FNDA:0,(anonymous_8)
FNDA:0,(anonymous_9)
FNDA:2,(anonymous_10)
FNDA:2,(anonymous_11)
FNDA:2,(anonymous_12)
FNDA:2,(anonymous_13)
FNDA:0,(anonymous_14)
FNDA:0,(anonymous_15)
FNDA:0,(anonymous_16)
FNDA:0,(anonymous_17)
FNDA:0,(anonymous_18)
FNDA:0,(anonymous_19)
FNDA:0,(anonymous_20)
FNDA:0,(anonymous_21)
FNDA:0,(anonymous_22)
FNDA:0,(anonymous_23)
FNDA:0,(anonymous_24)
DA:3,1
DA:4,1
DA:5,1
DA:6,1
DA:12,0
DA:13,0
DA:14,0
DA:18,0
DA:21,0
DA:23,0
DA:27,0
DA:28,0
DA:29,0
DA:33,0
DA:36,0
DA:38,0
DA:43,1
DA:44,4
DA:46,4
DA:48,4
DA:49,4
DA:50,4
DA:51,4
DA:54,4
DA:55,1
DA:56,1
DA:57,1
DA:61,4
DA:62,1
DA:66,1
DA:67,1
DA:71,4
DA:72,0
DA:77,0
DA:78,0
DA:81,4
DA:86,4
DA:88,4
DA:90,4
DA:92,0
DA:93,0
DA:137,0
DA:138,0
DA:139,0
DA:143,4
DA:144,4
DA:145,4
DA:147,4
DA:150,4
DA:160,4
DA:161,4
DA:162,4
DA:165,4
DA:209,4
DA:210,4
DA:213,4
DA:225,0
DA:226,0
DA:233,1
DA:234,0
DA:235,0
DA:246,0
DA:247,0
DA:249,0
DA:250,0
DA:254,1
DA:255,0
DA:256,0
DA:257,0
DA:269,0
DA:270,0
DA:272,0
DA:273,0
DA:277,1
DA:278,0
DA:279,0
DA:280,0
DA:292,0
DA:293,0
DA:295,0
DA:296,0
DA:301,1
DA:302,0
DA:303,0
DA:304,0
DA:316,0
DA:318,0
DA:323,0
DA:325,0
DA:326,0
DA:331,1
DA:332,0
DA:333,0
DA:334,0
DA:352,0
DA:354,0
DA:362,0
DA:364,0
DA:365,0
DA:371,1
DA:372,2
DA:375,2
DA:376,1
DA:379,1
DA:380,1
DA:381,1
DA:384,1
DA:388,1
DA:391,1
DA:393,1
DA:397,1
DA:399,1
DA:402,1
DA:405,1
DA:407,1
DA:410,0
DA:411,0
DA:413,0
DA:414,0
DA:416,0
DA:418,1
DA:424,1
DA:425,2
DA:426,2
DA:427,2
DA:435,2
DA:436,2
DA:437,1
DA:440,1
DA:441,1
DA:442,1
DA:444,1
DA:446,0
DA:447,0
DA:453,1
DA:454,2
DA:455,2
DA:457,2
DA:458,0
DA:461,2
DA:462,2
DA:463,2
DA:466,2
DA:467,2
DA:468,1
DA:469,1
DA:470,1
DA:472,1
DA:475,1
DA:481,1
DA:482,1
DA:484,1
DA:488,1
DA:489,1
DA:491,1
DA:494,1
DA:498,1
DA:501,1
DA:503,1
DA:506,0
DA:507,0
DA:509,0
DA:510,0
DA:512,0
DA:514,2
DA:520,1
DA:521,2
DA:522,2
DA:523,2
DA:524,2
DA:527,2
DA:528,2
DA:529,1
DA:530,1
DA:531,1
DA:533,1
DA:536,1
DA:537,1
DA:542,1
DA:544,1
DA:547,1
DA:549,1
DA:551,0
DA:552,0
DA:553,0
DA:555,2
DA:560,1
DA:561,0
DA:562,0
DA:564,0
DA:566,0
DA:569,0
DA:570,0
DA:571,0
DA:572,0
DA:573,0
DA:576,0
DA:578,0
DA:580,0
DA:581,0
DA:583,0
DA:585,0
DA:586,0
DA:590,0
DA:591,0
DA:592,0
DA:594,0
DA:595,0
DA:598,0
DA:599,0
DA:600,0
DA:601,0
DA:602,0
DA:605,0
DA:615,0
DA:616,0
DA:617,0
DA:621,0
DA:622,0
DA:623,0
DA:624,0
DA:626,0
DA:627,0
DA:629,0
DA:633,0
DA:637,0
DA:642,0
DA:643,0
DA:644,0
DA:645,0
DA:647,0
DA:648,0
DA:650,0
DA:654,0
DA:658,0
DA:661,0
DA:662,0
DA:665,0
DA:669,0
DA:670,0
DA:671,0
DA:675,0
DA:680,0
DA:682,0
DA:688,0
DA:690,0
DA:691,0
DA:697,1
LF:248
LH:114
BRDA:13,0,0,0
BRDA:13,0,1,0
BRDA:28,1,0,0
BRDA:28,1,1,0
BRDA:54,2,0,1
BRDA:54,2,1,3
BRDA:61,3,0,1
BRDA:61,3,1,3
BRDA:71,4,0,0
BRDA:71,4,1,4
BRDA:81,5,0,2
BRDA:81,5,1,2
BRDA:88,6,0,4
BRDA:88,6,1,3
BRDA:90,7,0,0
BRDA:90,7,1,4
BRDA:90,8,0,4
BRDA:90,8,1,3
BRDA:143,9,0,1
BRDA:143,9,1,3
BRDA:144,10,0,4
BRDA:144,10,1,3
BRDA:302,11,0,0
BRDA:302,11,1,0
BRDA:320,12,0,0
BRDA:320,12,1,0
BRDA:321,13,0,0
BRDA:321,13,1,0
BRDA:332,14,0,0
BRDA:332,14,1,0
BRDA:356,15,0,0
BRDA:356,15,1,0
BRDA:357,16,0,0
BRDA:357,16,1,0
BRDA:358,17,0,0
BRDA:358,17,1,0
BRDA:358,18,0,0
BRDA:358,18,1,0
BRDA:372,19,0,0
BRDA:372,20,0,0
BRDA:375,21,0,1
BRDA:375,21,1,1
BRDA:375,22,0,2
BRDA:375,22,1,1
BRDA:375,22,2,1
BRDA:375,22,3,1
BRDA:375,22,4,1
BRDA:386,23,0,1
BRDA:386,23,1,0
BRDA:386,24,0,1
BRDA:386,24,1,1
BRDA:386,25,0,1
BRDA:386,25,1,1
BRDA:413,26,0,0
BRDA:413,26,1,0
BRDA:436,27,0,1
BRDA:436,27,1,1
BRDA:441,28,0,1
BRDA:441,28,1,0
BRDA:442,29,0,1
BRDA:442,29,1,0
BRDA:455,30,0,0
BRDA:455,31,0,0
BRDA:457,32,0,0
BRDA:457,32,1,2
BRDA:457,33,0,2
BRDA:457,33,1,2
BRDA:457,33,2,2
BRDA:457,33,3,2
BRDA:457,33,4,2
BRDA:467,34,0,1
BRDA:467,34,1,1
BRDA:477,35,0,1
BRDA:477,35,1,1
BRDA:477,36,0,1
BRDA:477,36,1,1
BRDA:477,37,0,1
BRDA:477,37,1,1
BRDA:498,38,0,1
BRDA:498,38,1,0
BRDA:509,39,0,0
BRDA:509,39,1,0
BRDA:528,40,0,1
BRDA:528,40,1,1
BRDA:561,41,0,0
BRDA:561,41,1,0
BRDA:564,42,0,0
BRDA:564,42,1,0
BRDA:564,43,0,0
BRDA:564,43,1,0
BRDA:585,44,0,0
BRDA:585,44,1,0
BRDA:594,45,0,0
BRDA:594,45,1,0
BRDA:609,46,0,0
BRDA:609,46,1,0
BRDA:610,47,0,0
BRDA:610,47,1,0
BRDA:611,48,0,0
BRDA:611,48,1,0
BRDA:611,49,0,0
BRDA:611,49,1,0
BRDA:612,50,0,0
BRDA:612,50,1,0
BRDA:612,51,0,0
BRDA:612,51,1,0
BRDA:621,52,0,0
BRDA:621,52,1,0
BRDA:623,53,0,0
BRDA:623,53,1,0
BRDA:623,54,0,0
BRDA:623,54,1,0
BRDA:642,55,0,0
BRDA:642,55,1,0
BRDA:644,56,0,0
BRDA:644,56,1,0
BRDA:644,57,0,0
BRDA:644,57,1,0
BRDA:670,58,0,0
BRDA:670,58,1,0
BRDA:671,59,0,0
BRDA:671,59,1,0
BRF:122
BRH:49
end_of_record
TN:
SF:src\controllers\loanController.js
FN:6,(anonymous_0)
FNF:1
FNH:1
FNDA:5,(anonymous_0)
DA:3,1
DA:6,1
DA:8,5
DA:10,5
DA:13,5
DA:39,5
DA:41,4
DA:44,1
DA:45,1
DA:49,1
LF:10
LH:10
BRF:0
BRH:0
end_of_record
TN:
SF:src\controllers\reservationController.js
FN:6,(anonymous_0)
FN:51,(anonymous_1)
FN:94,(anonymous_2)
FN:123,(anonymous_3)
FNF:4
FNH:4
FNDA:3,(anonymous_0)
FNDA:3,(anonymous_1)
FNDA:1,(anonymous_2)
FNDA:2,(anonymous_3)
DA:3,1
DA:6,1
DA:7,3
DA:8,3
DA:10,3
DA:11,1
DA:14,2
DA:15,2
DA:17,2
DA:23,2
DA:24,2
DA:26,2
DA:27,1
DA:30,1
DA:31,1
DA:38,1
DA:39,1
DA:41,0
DA:42,0
DA:43,0
DA:45,2
DA:51,1
DA:52,3
DA:54,3
DA:56,3
DA:58,3
DA:89,3
DA:90,3
DA:91,2
DA:94,2
DA:111,2
DA:112,2
DA:115,1
DA:116,1
DA:117,1
DA:123,1
DA:124,2
DA:125,2
DA:127,2
DA:129,2
DA:136,2
DA:140,2
DA:141,1
DA:144,1
DA:147,0
DA:148,0
DA:153,1
LF:47
LH:42
BRDA:10,0,0,1
BRDA:10,0,1,2
BRDA:10,1,0,3
BRDA:10,1,1,3
BRDA:26,2,0,1
BRDA:26,2,1,1
BRDA:102,3,0,1
BRDA:102,3,1,1
BRDA:140,4,0,1
BRDA:140,4,1,1
BRF:10
BRH:10
end_of_record
TN:
SF:src\controllers\userController.js
FN:9,(anonymous_0)
FN:44,(anonymous_1)
FN:74,(anonymous_2)
FN:89,(anonymous_3)
FN:119,(anonymous_4)
FNF:5
FNH:5
FNDA:3,(anonymous_0)
FNDA:3,(anonymous_1)
FNDA:2,(anonymous_2)
FNDA:3,(anonymous_3)
FNDA:2,(anonymous_4)
DA:3,1
DA:4,1
DA:5,1
DA:6,1
DA:9,1
DA:10,3
DA:11,3
DA:12,3
DA:13,3
DA:14,3
DA:15,3
DA:16,1
DA:17,1
DA:19,3
DA:20,1
DA:21,1
DA:23,3
DA:24,0
DA:25,0
DA:27,3
DA:28,3
DA:35,3
DA:36,3
DA:38,0
DA:39,0
DA:44,1
DA:45,3
DA:46,3
DA:47,1
DA:49,2
DA:50,2
DA:51,2
DA:52,2
DA:56,2
DA:57,1
DA:58,1
DA:61,1
DA:63,1
DA:65,1
DA:66,1
DA:68,0
DA:69,0
DA:74,1
DA:75,2
DA:76,2
DA:77,2
DA:78,2
DA:79,1
DA:81,1
DA:83,0
DA:84,0
DA:89,1
DA:90,3
DA:91,3
DA:92,3
DA:93,1
DA:95,2
DA:96,2
DA:100,2
DA:101,2
DA:102,1
DA:106,1
DA:108,1
DA:110,0
DA:111,0
DA:113,0
DA:114,0
DA:119,1
DA:120,2
DA:121,2
DA:123,2
DA:124,2
DA:126,2
DA:127,2
DA:128,1
DA:132,1
DA:134,1
DA:136,0
DA:137,0
DA:139,0
DA:140,0
DA:145,1
LF:82
LH:66
BRDA:15,0,0,1
BRDA:15,0,1,2
BRDA:19,1,0,1
BRDA:19,1,1,2
BRDA:23,2,0,0
BRDA:23,2,1,3
BRDA:27,3,0,2
BRDA:27,3,1,1
BRDA:46,4,0,1
BRDA:46,4,1,2
BRDA:46,5,0,3
BRDA:46,5,1,3
BRDA:46,5,2,2
BRDA:46,5,3,2
BRDA:65,6,0,1
BRDA:65,6,1,0
BRDA:78,7,0,1
BRDA:78,7,1,1
BRDA:92,8,0,1
BRDA:92,8,1,2
BRDA:92,9,0,3
BRDA:92,9,1,3
BRDA:92,9,2,2
BRDA:101,10,0,1
BRDA:101,10,1,1
BRDA:110,11,0,0
BRDA:110,11,1,0
BRDA:124,12,0,2
BRDA:124,12,1,1
BRDA:127,13,0,1
BRDA:127,13,1,1
BRDA:136,14,0,0
BRDA:136,14,1,0
BRF:33
BRH:27
end_of_record
TN:
SF:src\middlewares\adminMiddleware.js
FN:11,(anonymous_0)
FN:22,(anonymous_1)
FNF:2
FNH:2
FNDA:4,(anonymous_0)
FNDA:4,(anonymous_1)
DA:4,1
DA:11,1
DA:12,4
DA:13,1
DA:15,3
DA:16,2
DA:18,1
DA:22,1
DA:23,4
DA:24,1
DA:26,3
DA:27,3
DA:28,1
DA:30,2
DA:33,1
LF:15
LH:15
BRDA:12,0,0,1
BRDA:12,0,1,3
BRDA:15,1,0,2
BRDA:15,1,1,1
BRDA:23,2,0,1
BRDA:23,2,1,3
BRDA:27,3,0,1
BRDA:27,3,1,2
BRDA:27,4,0,3
BRDA:27,4,1,2
BRF:10
BRH:10
end_of_record
TN:
SF:src\middlewares\authMiddleware.js
FN:5,(anonymous_0)
FN:29,(anonymous_1)
FNF:2
FNH:2
FNDA:5,(anonymous_0)
FNDA:2,(anonymous_1)
DA:3,1
DA:5,1
DA:6,5
DA:7,5
DA:10,5
DA:11,1
DA:12,1
DA:16,4
DA:17,4
DA:18,1
DA:19,1
DA:22,3
DA:23,3
DA:24,1
DA:25,1
DA:29,2
DA:30,2
DA:31,1
DA:32,1
DA:35,1
DA:38,1
DA:39,1
LF:22
LH:22
BRDA:10,0,0,1
BRDA:10,0,1,4
BRDA:17,1,0,1
BRDA:17,1,1,3
BRDA:23,2,0,1
BRDA:23,2,1,2
BRDA:30,3,0,1
BRDA:30,3,1,1
BRF:8
BRH:8
end_of_record
